C:\LIB\DELPHI_LIB\mORMot_Lastest\SQLite3\Samples\26 - RESTful ORM\RESTserver.exe 0.0.0.0 (2017-03-04 10:02:45)Host=JONIT440P User=xchinjo CPU=4*9-6-15363:FFFBEBBFFFFBFA7FAB27000000 OS=15.0=6.2.9200 Wow64=1 Freq=2825501Environment variables=ALLUSERSPROFILE=C:\ProgramData	APPDATA=C:\Users\xchinjo\AppData\Roaming	BDS=c:\program files (x86)\embarcadero\studio\18.0	BDSAppDataBaseDir=BDS	BDSBIN=c:\program files (x86)\embarcadero\studio\18.0\bin	BDSCatalogRepository=C:\Users\xchinjo\Documents\Embarcadero\Studio\18.0\CatalogRepository	BDSCatalogRepositoryAllUsers=C:\Users\Public\Documents\Embarcadero\Studio\18.0\CatalogRepository	BDSCOMMONDIR=C:\Users\Public\Documents\Embarcadero\Studio\18.0	BDSINCLUDE=c:\program files (x86)\embarcadero\studio\18.0\include	BDSLIB=c:\program files (x86)\embarcadero\studio\18.0\lib	BDSPLATFORMSDKSDIR=C:\Users\xchinjo\Documents\Embarcadero\Studio\SDKs	BDSPROFILESDIR=C:\Users\xchinjo\Documents\Embarcadero\Studio\Profiles	BDSPROJECTSDIR=C:\Users\xchinjo\Documents\Embarcadero\Studio\Projects	BDSUSERDIR=C:\Users\xchinjo\Documents\Embarcadero\Studio\18.0	CommonProgramFiles=C:\Program Files (x86)\Common Files	CommonProgramFiles(x86)=C:\Program Files (x86)\Common Files	CommonProgramW6432=C:\Program Files\Common Files	COMPUTERNAME=JONIT440P	ComSpec=C:\WINDOWS\system32\cmd.exe	DELPHI=c:\program files (x86)\embarcadero\studio\18.0	DEMOSDIR=C:\Users\Public\Documents\Embarcadero\Studio\18.0\Samples\	DXVCL=C:\LIB\DELPHI\DevExpress VCL 15.2.2 Full Source-Eng	ESET_OPTIONS=                                                                                                                                                                                                                                                                                                                                                                                                                                                                                                                               	FMSoft=C:\Program Files (x86)\FMSoft\Framework	FPS_BROWSER_APP_PROFILE_STRING=Internet Explorer	FPS_BROWSER_USER_PROFILE_STRING=Default	HOMEDRIVE=C:	HOMEPATH=\Users\xchinjo	IBREDISTDIR=C:\Users\Public\Documents\Embarcadero\InterBase\redist\InterBaseXE7	LOCALAPPDATA=C:\Users\xchinjo\AppData\Local	LOGONSERVER=\\JONIT440P	NLS_LANG=THAI_THAILAND.TH8TISASCII	NUMBER_OF_PROCESSORS=4	OneDrive=C:\Users\xchinjo\OneDrive	ORACLE_HOME=D:\app\xchinjo\product\11.2.0\dbhome_1	OS=Windows_NT	Path=C:\Users\Public\Documents\Embarcadero\InterBase\redist\InterBaseXE7\IDE_spoof;D:\Oracle\OracleInstantClient;C:\ProgramData\Oracle\Java\javapath;C:\Program Files (x86)\Embarcadero\Studio\18.0\bin;C:\Users\Public\Documents\Embarcadero\Studio\18.0\Bpl;C:\Program Files (x86)\Embarcadero\Studio\18.0\bin64;C:\Users\Public\Documents\Embarcadero\Studio\18.0\Bpl\Win64;C:\Program Files (x86)\Embarcadero\Studio\17.0\bin;C:\Users\Public\Documents\Embarcadero\Studio\17.0\Bpl;C:\Program Files (x86)\Embarcadero\Studio\17.0\bin64;C:\Users\Public\Documents\Embarcadero\Studio\17.0\Bpl\Win64;C:\Program Files (x86)\Embarcadero\Studio\15.0\bin;C:\Users\Public\Documents\Embarcadero\Studio\15.0\Bpl;C:\Program Files (x86)\Embarcadero\Studio\15.0\bin64;C:\Users\Public\Documents\Embarcadero\Studio\15.0\Bpl\Win64;C:\Program Files (x86)\Embarcadero\RAD Studio\12.0\bin;C:\Users\Public\Documents\RAD Studio\12.0\Bpl;C:\Program Files (x86)\Embarcadero\RAD Studio\12.0\bin64;C:\Users\Public\Documents\RAD Studio\12.0\Bpl\Win64;C:\Program Files (x86)\Embarcadero\RAD Studio\9.0\bin;C:\Users\Public\Documents\RAD Studio\9.0\Bpl;C:\Program Files (x86)\Embarcadero\RAD Studio\9.0\bin64;C:\Users\Public\Documents\RAD Studio\9.0\Bpl\Win64;C:\Program Files (x86)\Borland\Delphi7\Bin;C:\Program Files (x86)\Borland\Delphi7\Projects\Bpl\;C:\WINDOWS\system32;C:\WINDOWS;C:\WINDOWS\System32\Wbem;C:\WINDOWS\System32\WindowsPowerShell\v1.0\;C:\Program Files\OpenVPN\bin;C:\Program Files (x86)\Common Files\Tom Sawyer Software\8.0.0;C:\Program Files\TortoiseSVN\bin;C:\Program Files\Microsoft SQL Server\110\DTS\Binn\;C:\Program Files (x86)\Microsoft SQL Server\110\Tools\Binn\;C:\Program Files\Microsoft SQL Server\110\Tools\Binn\;C:\Program Files (x86)\Microsoft SQL Server\110\Tools\Binn\ManagementStudio\;C:\Program Files (x86)\Microsoft Visual Studio 10.0\Common7\IDE\PrivateAssemblies\;C:\Program Files (x86)\Microsoft SQL Server\110\DTS\Binn\;C:\Program Files\TortoiseGit\bin;C:\Program Files\Git\cmd;C:\Program Files (x86)\Skype\Phone\;C:\Program Files (x86)\Windows Kits\8.0\Windows Performance Toolkit\;C:\Program Files\CMake\bin;C:\Program Files\Intel\WiFi\bin\;C:\Program Files\Common Files\Intel\WirelessCommon\;C:\Program Files (x86)\Em	PATHEXT=.COM;.EXE;.BAT;.CMD;.VBS;.VBE;.JS;.JSE;.WSF;.WSH;.MSC	PROCESSOR_ARCHITECTURE=x86	PROCESSOR_ARCHITEW6432=AMD64	PROCESSOR_IDENTIFIER=Intel64 Family 6 Model 60 Stepping 3, GenuineIntel	PROCESSOR_LEVEL=6	PROCESSOR_REVISION=3c03	ProductVersion=18.0	ProgramData=C:\ProgramData	ProgramFiles=C:\Program Files (x86)	ProgramFiles(x86)=C:\Program Files (x86)	ProgramW6432=C:\Program Files	PSModulePath=C:\Program Files\WindowsPowerShell\Modules;C:\WINDOWS\system32\WindowsPowerShell\v1.0\Modules;C:\Program Files (x86)\Microsoft SQL Server\110\Tools\PowerShell\Modules\	PUBLIC=C:\Users\Public	SEE_MASK_NOZONECHECKS=1	SystemDrive=C:	SystemRoot=C:\WINDOWS	TEMP=C:\Users\xchinjo\AppData\Local\Temp	TMP=C:\Users\xchinjo\AppData\Local\Temp	TNS_ADMIN=D:\Oracle\OracleInstantClient	TVT=C:\Program Files (x86)\Lenovo	USERDOMAIN=JONIT440P	USERDOMAIN_ROAMINGPROFILE=JONIT440P	USERNAME=xchinjo	USERPROFILE=C:\Users\xchinjo	VS110COMNTOOLS=C:\Program Files (x86)\Microsoft Visual Studio 11.0\Common7\Tools\	windir=C:\WINDOWS	__COMPAT_LAYER=RunAsAdminTSQLLog 1.18.3289 FTS3 2017-03-04T03:02:4520170304 03024536  ! DB    RESTServerClass.TNoteServer(0247B680) UpdateToFile done in 921us
20170304 03024536  !  +    mORMotHttpServer.TSQLHttpServer(02428F60).Create useHttpApiRegisteringURI (secNone) on port 888
20170304 03024537  " info  SetThreadName 0000325C=TSQLHttpServer 888/root THttpApiServer
20170304 03024537  " trace RESTServerClass.TNoteServer(0247B680) BeginCurrentThread(THttpApiServer) root=root ThreadID=0000325C ThreadCount=1
20170304 03024537  ! http  	mORMotHttpServer.TSQLHttpServer(02428F60) http.sys registration of http://+:888/root
20170304 03024537  # info  SetThreadName 00001DE4=TSQLHttpServer 888/root THttpApiServer
20170304 03024537  # trace RESTServerClass.TNoteServer(0247B680) BeginCurrentThread(THttpApiServer) root=root ThreadID=00001DE4 ThreadCount=2
20170304 03024537  $ info  SetThreadName 00002CF4=TSQLHttpServer 888/root THttpApiServer
20170304 03024537  $ trace RESTServerClass.TNoteServer(0247B680) BeginCurrentThread(THttpApiServer) root=root ThreadID=00002CF4 ThreadCount=3
20170304 03024537  % info  SetThreadName 000011E4=TSQLHttpServer 888/root THttpApiServer
20170304 03024537  % trace RESTServerClass.TNoteServer(0247B680) BeginCurrentThread(THttpApiServer) root=root ThreadID=000011E4 ThreadCount=4
20170304 03024537  & info  SetThreadName 00001D48=TSQLHttpServer 888/root THttpApiServer
20170304 03024537  & trace RESTServerClass.TNoteServer(0247B680) BeginCurrentThread(THttpApiServer) root=root ThreadID=00001D48 ThreadCount=5
20170304 03024537  ' info  SetThreadName 00002F84=TSQLHttpServer 888/root THttpApiServer
20170304 03024537  ' trace RESTServerClass.TNoteServer(0247B680) BeginCurrentThread(THttpApiServer) root=root ThreadID=00002F84 ThreadCount=6
20170304 03024537  ( info  SetThreadName 000019C4=TSQLHttpServer 888/root THttpApiServer
20170304 03024537  ( trace RESTServerClass.TNoteServer(0247B680) BeginCurrentThread(THttpApiServer) root=root ThreadID=000019C4 ThreadCount=7
20170304 03024537  ) info  SetThreadName 000001A8=TSQLHttpServer 888/root THttpApiServer
20170304 03024537  ) trace RESTServerClass.TNoteServer(0247B680) BeginCurrentThread(THttpApiServer) root=root ThreadID=000001A8 ThreadCount=8
20170304 03024537  * info  SetThreadName 00001388=TSQLHttpServer 888/root THttpApiServer
20170304 03024537  * trace RESTServerClass.TNoteServer(0247B680) BeginCurrentThread(THttpApiServer) root=root ThreadID=00001388 ThreadCount=9
20170304 03024537  + info  SetThreadName 00001764=TSQLHttpServer 888/root THttpApiServer
20170304 03024537  + trace RESTServerClass.TNoteServer(0247B680) BeginCurrentThread(THttpApiServer) root=root ThreadID=00001764 ThreadCount=10
20170304 03024537  , info  SetThreadName 000022A0=TSQLHttpServer 888/root THttpApiServer
20170304 03024537  , trace RESTServerClass.TNoteServer(0247B680) BeginCurrentThread(THttpApiServer) root=root ThreadID=000022A0 ThreadCount=11
20170304 03024537  - info  SetThreadName 000011A4=TSQLHttpServer 888/root THttpApiServer
20170304 03024537  - trace RESTServerClass.TNoteServer(0247B680) BeginCurrentThread(THttpApiServer) root=root ThreadID=000011A4 ThreadCount=12
20170304 03024537  . info  SetThreadName 0000200C=TSQLHttpServer 888/root THttpApiServer
20170304 03024537  . trace RESTServerClass.TNoteServer(0247B680) BeginCurrentThread(THttpApiServer) root=root ThreadID=0000200C ThreadCount=13
20170304 03024537  / info  SetThreadName 000016B8=TSQLHttpServer 888/root THttpApiServer
20170304 03024537  / trace RESTServerClass.TNoteServer(0247B680) BeginCurrentThread(THttpApiServer) root=root ThreadID=000016B8 ThreadCount=14
20170304 03024537  0 info  SetThreadName 00001A0C=TSQLHttpServer 888/root THttpApiServer
20170304 03024537  0 trace RESTServerClass.TNoteServer(0247B680) BeginCurrentThread(THttpApiServer) root=root ThreadID=00001A0C ThreadCount=15
20170304 03024537  1 info  SetThreadName 000018CC=TSQLHttpServer 888/root THttpApiServer
20170304 03024537  1 trace RESTServerClass.TNoteServer(0247B680) BeginCurrentThread(THttpApiServer) root=root ThreadID=000018CC ThreadCount=16
20170304 03024537  2 info  Se