WebClient.exe: 00002314: 07:04:25 [TUniServerModule]:Server First Init.
WebClient.exe: 00002314: 07:04:25 [TUniServerModule]:Erasing Cache Folder...
WebClient.exe: 00002314: 07:04:25 [TUniServerModule]:Cache Folder Erased. <0> Files deleted.
WebClient.exe: 00002314: 07:04:25 [TUniServerModule]:Starting HTTP Server...
WebClient.exe: 00002314: 07:04:25 [TUniServerModule]:HTTP Server Started. Port: 8077
WebClient.exe: 00002314: 07:10:39 [TUniServerModule]:Shutting Down Server.
WebClient.exe: 00002314: 07:10:40 [TUniServerModule]:HTTP Server Stopped.
WebClient.exe: 00002314: 07:10:40 [TUniGUISessionManager]:Terminating Session manager.
WebClient.exe: 00002314: 07:10:40 [TUniGUISessionManager]:Stopping Cache Eraser...
WebClient.exe: 00002314: 07:10:40 [TUniGUISessionManager]:Cache Eraser Stopped.
WebClient.exe: 00002314: 07:10:40 [TUniGUISessionManager]:Destroying Worker Threads.
WebClient.exe: 00002314: 07:10:40 [TUniGUISessionManager]:Session manager terminated.
WebClient.exe: 00002314: 07:10:40 [TUniServerModule]:Server Shutdown Completed.
WebClient.exe: 00002314: 07:10:40 [Terminated]:Exit Code: 0
WebClient.exe: 00001050: 07:11:48 [TUniServerModule]:Server First Init.
WebClient.exe: 00001050: 07:11:48 [TUniServerModule]:Erasing Cache Folder...
WebClient.exe: 00001050: 07:11:48 [TUniServerModule]:Cache Folder Erased. <0> Files deleted.
WebClient.exe: 00001050: 07:11:48 [TUniServerModule]:Starting HTTP Server...
WebClient.exe: 00001050: 07:11:48 [TUniServerModule]:HTTP Server Started. Port: 8077
WebClient.exe: 00000904: 07:11:52 [127.0.0.1]:EUniSessionException : Invalid session or session Timeout. : Addr: $00730899
WebClient.exe: 00001050: 07:20:26 [TUniServerModule]:Shutting Down Server.
WebClient.exe: 00000904: 07:20:26 [Indy]:EIdNotConnected : Not Connected : Addr: $00652AB6
WebClient.exe: 00001050: 07:20:27 [TUniServerModule]:HTTP Server Stopped.
WebClient.exe: 00001050: 07:20:27 [TUniGUISessionManager]:Terminating Session manager.
WebClient.exe: 00001050: 07:20:27 [TUniGUISessionManager]:Stopping Cache Eraser...
WebClient.exe: 00001050: 07:20:27 [TUniGUISessionManager]:Cache Eraser Stopped.
WebClient.exe: 00001050: 07:20:27 [TUniGUISessionManager]:Destroying Worker Threads.
WebClient.exe: 00001050: 07:20:27 [TUniGUISessionManager]:Session manager terminated.
WebClient.exe: 00001050: 07:20:27 [TUniServerModule]:Server Shutdown Completed.
WebClient.exe: 00001050: 07:20:27 [Terminated]:Exit Code: 0
WebClient.exe: 00001318: 07:20:38 [TUniServerModule]:Server First Init.
WebClient.exe: 00001318: 07:20:38 [TUniServerModule]:Erasing Cache Folder...
WebClient.exe: 00001318: 07:20:38 [TUniServerModule]:Cache Folder Erased. <0> Files deleted.
WebClient.exe: 00001318: 07:20:38 [TUniServerModule]:Starting HTTP Server...
WebClient.exe: 00001318: 07:20:38 [TUniServerModule]:HTTP Server Started. Port: 8077
WebClient.exe: 00001318: 07:21:40 [TUniServerModule]:Shutting Down Server.
WebClient.exe: 00001318: 07:21:41 [TUniServerModule]:HTTP Server Stopped.
WebClient.exe: 00001318: 07:21:41 [TUniGUISessionManager]:Terminating Session manager.
WebClient.exe: 00001318: 07:21:41 [TUniGUISessionManager]:Stopping Cache Eraser...
WebClient.exe: 00001318: 07:21:41 [TUniGUISessionManager]:Cache Eraser Stopped.
WebClient.exe: 00001318: 07:21:41 [TUniGUISessionManager]:Destroying Worker Threads.
WebClient.exe: 00001318: 07:21:41 [TUniGUISessionManager]:Session manager terminated.
WebClient.exe: 00001318: 07:21:41 [TUniServerModule]:Server Shutdown Completed.
WebClient.exe: 00001318: 07:21:41 [Terminated]:Exit Code: 0
WebClient.exe: 0000329C: 07:21:49 [TUniServerModule]:Server First Init.
WebClient.exe: 0000329C: 07:21:49 [TUniServerModule]:Erasing Cache Folder...
WebClient.exe: 0000329C: 07:21:49 [TUniServerModule]:Cache Folder Erased. <0> Files deleted.
WebClient.exe: 0000329C: 07:21:49 [TUniServerModule]:Starting HTTP Server...
WebClient.exe: 0000329C: 07:21:49 [TUniServerModule]:HTTP Server Started. Port: 8077
WebClient.exe: 00001B78: 07:21:54 [127.0.0.1]:EUniSessionException : Invalid session or session Timeout. : Addr: $00730899
WebClient.exe: 0000329C: 07:24:24 [TUniServerModule]:Shutting Down Server.
WebClient.exe: 0000329C: 07:24:25 [TUniServerModule]:HTTP Server Stopped.
WebClient.exe: 0000329C: 07:24:25 [TUniGUISessionManager]:Terminating Session manager.
WebClient.exe: 0000329C: 07:24:25 [TUniGUISessionManager]:Stopping Cache Eraser...
WebClient.exe: 0000329C: 07:24:25 [TUniGUISessionManager]:Cache Eraser Stopped.
WebClient.exe: 0000329C: 07:24:26 [TUniGUISessionManager]:Destroying Worker Threads.
WebClient.exe: 0000329C: 07:24:26 [TUniGUISessionManager]:Session manager terminated.
WebClient.exe: 0000329C: 07:24:26 [TUniServerModule]:Server Shutdown Completed.
WebClient.exe: 0000329C: 07:24:26 [Terminated]:Exit Code: 0
WebClient.exe: 000002A0: 07:24:35 [TUniServerModule]:Server First Init.
WebClient.exe: 000002A0: 07:24:35 [TUniServerModule]:Erasing Cache Folder...
WebClient.exe: 000002A0: 07:24:35 [TUniServerModule]:Cache Folder Erased. <0> Files deleted.
WebClient.exe: 000002A0: 07:24:35 [TUniServerModule]:Starting HTTP Server...
WebClient.exe: 000002A0: 07:24:35 [TUniServerModule]:HTTP Server Started. Port: 8077
WebClient.exe: 00001798: 07:24:40 [127.0.0.1]:EUniSessionException : Invalid session or session Timeout. : Addr: $00730899
WebClient.exe: 000002A0: 07:25:39 [TUniServerModule]:Shutting Down Server.
WebClient.exe: 000002A0: 07:25:40 [TUniServerModule]:HTTP Server Stopped.
WebClient.exe: 000002A0: 07:25:40 [TUniGUISessionManager]:Terminating Session manager.
WebClient.exe: 000002A0: 07:25:40 [TUniGUISessionManager]:Stopping Cache Eraser...
WebClient.exe: 000002A0: 07:25:40 [TUniGUISessionManager]:Cache Eraser Stopped.
WebClient.exe: 000002A0: 07:25:40 [TUniGUISessionManager]:Destroying Worker Threads.
WebClient.exe: 000002A0: 07:25:40 [TUniGUISessionManager]:Session manager terminated.
WebClient.exe: 000002A0: 07:25:40 [TUniServerModule]:Server Shutdown Completed.
WebClient.exe: 000002A0: 07:25:40 [Terminated]:Exit Code: 0
WebClient.exe: 00001D88: 07:25:45 [TUniServerModule]:Server First Init.
WebClient.exe: 00001D88: 07:25:45 [TUniServerModule]:Erasing Cache Folder...
WebClient.exe: 00001D88: 07:25:45 [TUniServerModule]:Cache Folder Erased. <0> Files deleted.
WebClient.exe: 00001D88: 07:25:45 [TUniServerModule]:Starting HTTP Server...
WebClient.exe: 00001D88: 07:25:45 [TUniServerModule]:HTTP Server Started. Port: 8077
WebClient.exe: 00000C70: 07:25:53 [127.0.0.1]:EUniSessionException : Invalid session or session Timeout. : Addr: $00730899
WebClient.exe: 00001D88: 07:26:48 [TUniServerModule]:Shutting Down Server.
WebClient.exe: 00001D88: 07:26:49 [TUniServerModule]:HTTP Server Stopped.
WebClient.exe: 00001D88: 07:26:49 [TUniGUISessionManager]:Terminating Session manager.
WebClient.exe: 00001D88: 07:26:49 [TUniGUISessionManager]:Stopping Cache Eraser...
WebClient.exe: 00001D88: 07:26:49 [TUniGUISessionManager]:Cache Eraser Stopped.
WebClient.exe: 00001D88: 07:26:49 [TUniGUISessionManager]:Destroying Worker Threads.
WebClient.exe: 00001D88: 07:26:49 [TUniGUISessionManager]:Session manager terminated.
WebClient.exe: 00001D88: 07:26:49 [TUniServerModule]:Server Shutdown Completed.
WebClient.exe: 00001D88: 07:26:49 [Terminated]:Exit Code: 0
WebClient.exe: 00003174: 07:26:56 [TUniServerModule]:Server First Init.
WebClient.exe: 00003174: 07:26:56 [TUniServerModule]:Erasing Cache Folder...
WebClient.exe: 00003174: 07:26:56 [TUniServerModule]:Cache Folder Erased. <0> Files deleted.
WebClient.exe: 00003174: 07:26:56 [TUniServerModule]:Starting HTTP Server...
WebClient.exe: 00003174: 07:26:56 [TUniServerModule]:HTTP Server Started. Port: 8077
WebClient.exe: 00003AFC: 07:26:59 [127.0.0.1]:EUniSessionException : Invalid session or session Timeout. : Addr: $00730899
WebClient.exe: 00003174: 07:27:32 [TUniServerModule]:Shutting Down Server.
WebClient.exe: 00001CB4: 07:27:32 [Indy]:EIdNotConnected : Not Connected : Addr: $00652AB6
WebClient.exe: 00003174: 07:27:33 [TUniServerModule]:HTTP Server Stopped.
WebClient.exe: 00003174: 07:27:33 [TUniGUISessionManager]:Terminating Session manager.
WebClient.exe: 00003174: 07:27:33 [TUniGUISessionManager]:Stopping Cache Eraser...
WebClient.exe: 00003174: 07:27:33 [TUniGUISessionManager]:Cache Eraser Stopped.
WebClient.exe: 00003174: 07:27:33 [TUniGUISessionManager]:Destroying Worker Threads.
WebClient.exe: 00003174: 07:27:33 [TUniGUISessionManager]:Session manager terminated.
WebClient.exe: 00003174: 07:27:33 [TUniServerModule]:Server Shutdown Completed.
WebClient.exe: 00003174: 07:27:33 [Terminated]:Exit Code: 0
WebClient.exe: 0000075C: 07:27:43 [TUniServerModule]:Server First Init.
WebClient.exe: 0000075C: 07:27:43 [TUniServerModule]:Erasing Cache Folder...
WebClient.exe: 0000075C: 07:27:43 [TUniServerModule]:Cache Folder Erased. <0> Files deleted.
WebClient.exe: 0000075C: 07:27:43 [TUniServerModule]:Starting HTTP Server...
WebClient.exe: 0000075C: 07:27:43 [TUniServerModule]:HTTP Server Started. Port: 8077
WebClient.exe: 000036B0: 07:27:46 [127.0.0.1]:EUniSessionException : Invalid session or session Timeout. : Addr: $00730899
WebClient.exe: 0000075C: 07:30:58 [TUniServerModule]:Shutting Down Server.
WebClient.exe: 0000075C: 07:30:59 [TUniServerModule]:HTTP Server Stopped.
WebClient.exe: 0000075C: 07:30:59 [TUniGUISessionManager]:Terminating Session manager.
WebClient.exe: 0000075C: 07:30:59 [TUniGUISessionManager]:Stopping Cache Eraser...
WebClient.exe: 0000075C: 07:30:59 [TUniGUISessionManager]:Cache Eraser Stopped.
WebClient.exe: 0000075C: 07:30:59 [TUniGUISessionManager]:Destroying Worker Threads.
WebClient.exe: 0000075C: 07:30:59 [TUniGUISessionManager]:Session manager terminated.
WebClient.exe: 0000075C: 07:30:59 [TUniServerModule]:Server Shutdown Completed.
WebClient.exe: 0000075C: 07:30:59 [Terminated]:Exit Code: 0
WebClient.exe: 00003080: 07:31:07 [TUniServerModule]:Server First Init.
WebClient.exe: 00003080: 07:31:07 [TUniServerModule]:Erasing Cache Folder...
WebClient.exe: 00003080: 07:31:07 [TUniServerModule]:Cache Folder Erased. <0> Files deleted.
WebClient.exe: 00003080: 07:31:07 [TUniServerModule]:Starting HTTP Server...
WebClient.exe: 00003080: 07:31:07 [TUniServerModule]:HTTP Server Started. Port: 8077
WebClient.exe: 000008D8: 07:31:10 [127.0.0.1]:EUniSessionException : Invalid session or session Timeout. : Addr: $00730899
WebClient.exe: 00003080: 07:50:47 [TUniServerModule]:Shutting Down Server.
WebClient.exe: 00003080: 07:50:47 [TUniServerModule]:HTTP Server Stopped.
WebClient.exe: 00003080: 07:50:47 [TUniGUISessionManager]:Terminating Session manager.
WebClient.exe: 00003080: 07:50:47 [TUniGUISessionManager]:Stopping Cache Eraser...
WebClient.exe: 00003080: 07:50:47 [TUniGUISessionManager]:Cache Eraser Stopped.
WebClient.exe: 00003080: 07:50:47 [TUniGUISessionManager]:Destroying Worker Threads.
WebClient.exe: 00003080: 07:50:47 [TUniGUISessionManager]:Session manager terminated.
WebClient.exe: 00003080: 07:50:47 [TUniServerModule]:Server Shutdown Completed.
WebClient.exe: 00003080: 07:50:47 [Terminated]:Exit Code: 0
