C:\LIB\DELPHI_LIB\mORMot_Lastest\SQLite3\Samples\31 - WebSockets\Project31LongWorkServer.exe 0.0.0.0 (2017-04-03 20:57:28)Host=JONIT440P User=xchinjo CPU=4*9-6-15363:FFFBEBBFFFFBFA7FAB27000000 OS=15.0=6.2.9200 Wow64=1 Freq=2825499Environment variables=ALLUSERSPROFILE=C:\ProgramData	APPDATA=C:\Users\xchinjo\AppData\Roaming	CommonProgramFiles=C:\Program Files (x86)\Common Files	CommonProgramFiles(x86)=C:\Program Files (x86)\Common Files	CommonProgramW6432=C:\Program Files\Common Files	COMPUTERNAME=JONIT440P	ComSpec=C:\WINDOWS\system32\cmd.exe	ESET_OPTIONS=                                                                                                                                                                                                                                                                                                                                                                                                                                                                                                                               	HOMEDRIVE=C:	HOMEPATH=\Users\xchinjo	LOCALAPPDATA=C:\Users\xchinjo\AppData\Local	LOGONSERVER=\\JONIT440P	NLS_LANG=THAI_THAILAND.TH8TISASCII	NUMBER_OF_PROCESSORS=4	OneDrive=C:\Users\xchinjo\OneDrive	ORACLE_HOME=D:\app\xchinjo\product\11.2.0\dbhome_1	OS=Windows_NT	Path=D:\Oracle\OracleInstantClient;C:\ProgramData\Oracle\Java\javapath;C:\Program Files (x86)\Embarcadero\Studio\18.0\bin;C:\Users\Public\Documents\Embarcadero\Studio\18.0\Bpl;C:\Program Files (x86)\Embarcadero\Studio\18.0\bin64;C:\Users\Public\Documents\Embarcadero\Studio\18.0\Bpl\Win64;C:\Program Files (x86)\Embarcadero\Studio\17.0\bin;C:\Users\Public\Documents\Embarcadero\Studio\17.0\Bpl;C:\Program Files (x86)\Embarcadero\Studio\17.0\bin64;C:\Users\Public\Documents\Embarcadero\Studio\17.0\Bpl\Win64;C:\Program Files (x86)\Embarcadero\Studio\15.0\bin;C:\Users\Public\Documents\Embarcadero\Studio\15.0\Bpl;C:\Program Files (x86)\Embarcadero\Studio\15.0\bin64;C:\Users\Public\Documents\Embarcadero\Studio\15.0\Bpl\Win64;C:\Program Files (x86)\Embarcadero\RAD Studio\12.0\bin;C:\Users\Public\Documents\RAD Studio\12.0\Bpl;C:\Program Files (x86)\Embarcadero\RAD Studio\12.0\bin64;C:\Users\Public\Documents\RAD Studio\12.0\Bpl\Win64;C:\Program Files (x86)\Embarcadero\RAD Studio\9.0\bin;C:\Users\Public\Documents\RAD Studio\9.0\Bpl;C:\Program Files (x86)\Embarcadero\RAD Studio\9.0\bin64;C:\Users\Public\Documents\RAD Studio\9.0\Bpl\Win64;C:\Program Files (x86)\Borland\Delphi7\Bin;C:\Program Files (x86)\Borland\Delphi7\Projects\Bpl\;C:\WINDOWS\system32;C:\WINDOWS;C:\WINDOWS\System32\Wbem;C:\WINDOWS\System32\WindowsPowerShell\v1.0\;C:\Program Files\OpenVPN\bin;C:\Program Files (x86)\Common Files\Tom Sawyer Software\8.0.0;C:\Program Files\TortoiseSVN\bin;C:\Program Files\Microsoft SQL Server\110\DTS\Binn\;C:\Program Files (x86)\Microsoft SQL Server\110\Tools\Binn\;C:\Program Files\Microsoft SQL Server\110\Tools\Binn\;C:\Program Files (x86)\Microsoft SQL Server\110\Tools\Binn\ManagementStudio\;C:\Program Files (x86)\Microsoft Visual Studio 10.0\Common7\IDE\PrivateAssemblies\;C:\Program Files (x86)\Microsoft SQL Server\110\DTS\Binn\;C:\Program Files\TortoiseGit\bin;C:\Program Files\Git\cmd;C:\Program Files (x86)\Skype\Phone\;C:\Program Files (x86)\Windows Kits\8.0\Windows Performance Toolkit\;C:\Program Files\CMake\bin;C:\Program Files\Intel\WiFi\bin\;C:\Program Files\Common Files\Intel\WirelessCommon\;C:\ProgramData\Oracle\Java\javapath;C:\Program Files (x86)\Embarcadero\Studio\18.0\bin;C:\Users\Public\Documents\Embarcadero\Studio\18.0\Bpl;C:\Program Files (x86)\Embarcadero\Studio\18.0\bin64;C:\Users\Public\Documents\Embarcadero\Studio\18.0\Bpl\Win64;C:\Program Files (x86)\Embarcadero\Studio\17.0\bin;C:\Users\Public\Documents\Embarcadero\Studio\17.0\Bpl;C:\Program Files (x86)\Embarcadero\Studio\17.0\bin64;C:\Users\Public\Documents\Embarcadero\Studio\17.0\Bpl\Win64;C:\Program Files (x86)\Embarcadero\Studio\15.0\bin;C:\Users\Public\Documents\Embarcadero\Studio\15.0\Bpl;C:\Program Files (x86)\Embarcadero\Studio\15.0\bin64;C:\Users\Public\Documents\Embarcadero\Studio\15.0\Bpl\Win64;C:\Program Files (x86)\Embarcadero\RAD Studio\12.0\bin;C:\Users\Public\Documents\RAD Studio\12.0\Bpl;C:\Program Files (x86)\Embarcadero\RAD Studio\12.0\bin64;C:\Users\Public\Documents\RAD Studio\12.0\Bpl\Win64;C:\Program Files (x86)\Embarcadero\RAD Studio\9.0\bin;C:\Users\Public\Documents\RAD Studio\9.0\Bpl;C:\Program Files (x86)\Em	PATHEXT=.COM;.EXE;.BAT;.CMD;.VBS;.VBE;.JS;.JSE;.WSF;.WSH;.MSC	PROCESSOR_ARCHITECTURE=x86	PROCESSOR_ARCHITEW6432=AMD64	PROCESSOR_IDENTIFIER=Intel64 Family 6 Model 60 Stepping 3, GenuineIntel	PROCESSOR_LEVEL=6	PROCESSOR_REVISION=3c03	ProgramData=C:\ProgramData	ProgramFiles=C:\Program Files (x86)	ProgramFiles(x86)=C:\Program Files (x86)	ProgramW6432=C:\Program Files	PSModulePath=C:\Program Files\WindowsPowerShell\Modules;C:\WINDOWS\system32\WindowsPowerShell\v1.0\Modules;C:\Program Files (x86)\Microsoft SQL Server\110\Tools\PowerShell\Modules\	PUBLIC=C:\Users\Public	SESSIONNAME=Console	SystemDrive=C:	SystemRoot=C:\WINDOWS	TEMP=C:\Users\xchinjo\AppData\Local\Temp	TMP=C:\Users\xchinjo\AppData\Local\Temp	TNS_ADMIN=D:\Oracle\OracleInstantClient	TVT=C:\Program Files (x86)\Lenovo	USERDOMAIN=JONIT440P	USERDOMAIN_ROAMINGPROFILE=JONIT440P	USERNAME=xchinjo	USERPROFILE=C:\Users\xchinjo	VS110COMNTOOLS=C:\Program Files (x86)\Microsoft Visual Studio 11.0\Common7\Tools\	windir=C:\WINDOWSTSQLLog 1.18.3289 FTS3 2017-04-03T13:57:3520170403 13573528  !  +    mORMotHttpServer.TSQLHttpServer(00C94FB0).Create useBidirSocket (secNone) on port 8888
20170403 13573530  ! http  	mORMotHttpServer.TSQLHttpServer(00C94FB0) {"TWebSocketServerRest(00CA8A10)":{"ServerConnectionCount":0,"ServerKeepAliveTimeOut":3000,"TCPPrefix":"","ThreadPoolContentionCount":0,"ThreadPoolContentionAbortCount":0,"APIVersion":"WinSock 2.0.514","ServerName":"mORMot (Windows)","ProcessName":"root "}} initialized for root
20170403 13573530  !  -    00.031.265
20170403 13573530  " info  SetThreadName 00002EA8=TSQLHttpServer 8888/root TWebSocketServerRest
20170403 13573530  " trace mORMot.TSQLRestServerFullMemory(00D2B680) BeginCurrentThread(TWebSocketServerRest) root=root ThreadID=00002EA8 ThreadCount=1
20170403 13574037  # info  SetThreadName 00001CE0=TSQLHttpServer 8888/root TWebSocketServerResp
20170403 13574037  # trace mORMot.TSQLRestServerFullMemory(00D2B680) BeginCurrentThread(TWebSocketServerResp) root=root ThreadID=00001CE0 ThreadCount=2
20170403 13574037  #  +    mORMot.TSQLRestServerFullMemory(00D2B680).URI(GET root/TimeStamp inlen=0)
20170403 13574037  # call  	mORMot.TSQLRestServerFullMemory(00D2B680) TimeStamp 
20170403 13574037  # srvr  	mORMot.TSQLRestServerFullMemory(00D2B680)   GET root/TimeStamp SOA-Method -> 200 with outlen=12 in 397 us
20170403 13574037  # ret   	mORMot.TSQLRestServerFullMemory(00D2B680) 135371480680
20170403 13574037  #  -    00.000.623
20170403 13574037  #  +    mORMot.TSQLRestServerFullMemory(00D2B680).URI(POST root/LongWorkService._contract_ inlen=2)
20170403 13574037  # call  	mORMot.TSQLRestServerFullMemory(00D2B680) ILongWorkService._contract_[]
20170403 13574037  # srvr  	mORMot.TSQLRestServerFullMemory(00D2B680)   POST root/LongWorkService._contract_ SOA-Interface -> 200 with outlen=31 in 83 us
20170403 13574037  # ret   	mORMot.TSQLRestServerFullMemory(00D2B680) {"result":["5C548B9BBA1FD9C5"]}
20170403 13574037  #  -    00.000.321
20170403 13574339  # trace mORMot.TSQLRestServerFullMemory(00D2B680) EndCurrentThread(TWebSocketServerResp) ThreadID=00001CE0 ThreadCount=1
20170403 13574618  # info  SetThreadName 00000F64=TSQLHttpServer 8888/root TWebSocketServerResp
20170403 13574618  # trace mORMot.TSQLRestServerFullMemory(00D2B680) BeginCurrentThread(TWebSocketServerResp) root=root ThreadID=00000F64 ThreadCount=2
20170403 13574618  #  +    mORMot.TSQLRestServerFullMemory(00D2B680).URI(POST root/LongWorkService.StartWork inlen=9)
20170403 13574618  # call  	mORMot.TSQLRestServerFullMemory(00D2B680) ILongWorkService.StartWork["aaa",1]
20170403 13574618  # srvr  	mORMot.TSQLRestServerFullMemory(00D2B680)   POST root/LongWorkService.StartWork SOA-Interface -> 200 with outlen=13 in 484 us
20170403 13574618  # ret   	mORMot.TSQLRestServerFullMemory(00D2B680) {"result":[]}
20170403 13574618  #  -    00.001.313
20170403 13574618  $ info  {"TLongWorkServiceThread(00D6C2A0)":{}}.Execute(aaa) started
20170403 13574618  #  +    mORMot.TSQLRestServerFullMemory(00D2B680).URI(POST root/LongWorkService.TotalWorkCount inlen=2)
20170403 13574618  # call  	mORMot.TSQLRestServerFullMemory(00D2B680) ILongWorkService.TotalWorkCount[]
20170403 13574618  # srvr  	mORMot.TSQLRestServerFullMemory(00D2B680)   POST root/LongWorkService.TotalWorkCount SOA-Interface -> 200 with outlen=14 in 608 us
20170403 13574618  # ret   	mORMot.TSQLRestServerFullMemory(00D2B680) {"result":[1]}
20170403 13574618  #  -    00.001.654
20170403 13574920  # trace mORMot.TSQLRestServerFullMemory(00D2B680) EndCurrentThread(TWebSocketServerResp) ThreadID=00000F64 ThreadCount=1
20170403 13575120  $ trace SynBidirSock.TWebSocketServerRest(00CA8A10) Callback(root/LongWorkCallback.WorkFinished/1) on socket=2
20170403 13575120  $ ERROR SynBidirSock.TWebSocketServerRest(00CA8A10) Callback() on inactive socket stack trace API 00541A6C 006355E4 00638DCC 005F9653 005F86B8 005F8FFA 
20170403 13575120  $ EXC   EInterfaceFactoryException {"Message":"TInterfacedObjectFakeServer.FakeCall(ILongWorkCallback.WorkFinished) failed: 'TWebSocketServerRest.Callback(2) received status=404 from root/LongWorkCallback.WorkFinished/1'"} at 005F837B  stack trace API 0053F9AC 0053F9D4 0040AC80 77362D44 773508EF 005F837B 005F86E2 005F8FFA 
