C:\LIB\DELPHI_LIB\mORMot_Lastest\SQLite3\Samples\31 - WebSockets\Project31LongWorkServer.exe 0.0.0.0 (2017-04-03 21:07:25)Host=JONIT440P User=xchinjo CPU=4*9-6-15363:FFFBEBBFFFFBFA7FAB27000000 OS=15.0=6.2.9200 Wow64=0 Freq=2825499Environment variables=ALLUSERSPROFILE=C:\ProgramData	APPDATA=C:\Users\xchinjo\AppData\Roaming	CommonProgramFiles=C:\Program Files\Common Files	CommonProgramFiles(x86)=C:\Program Files (x86)\Common Files	CommonProgramW6432=C:\Program Files\Common Files	COMPUTERNAME=JONIT440P	ComSpec=C:\WINDOWS\system32\cmd.exe	ESET_OPTIONS=                                                                                                                                                                                                                                                                                                                                                                                                                                                                                                                               	HOMEDRIVE=C:	HOMEPATH=\Users\xchinjo	LOCALAPPDATA=C:\Users\xchinjo\AppData\Local	LOGONSERVER=\\JONIT440P	NLS_LANG=THAI_THAILAND.TH8TISASCII	NUMBER_OF_PROCESSORS=4	OneDrive=C:\Users\xchinjo\OneDrive	ORACLE_HOME=D:\app\xchinjo\product\11.2.0\dbhome_1	OS=Windows_NT	Path=D:\Oracle\OracleInstantClient;C:\ProgramData\Oracle\Java\javapath;C:\Program Files (x86)\Embarcadero\Studio\18.0\bin;C:\Users\Public\Documents\Embarcadero\Studio\18.0\Bpl;C:\Program Files (x86)\Embarcadero\Studio\18.0\bin64;C:\Users\Public\Documents\Embarcadero\Studio\18.0\Bpl\Win64;C:\Program Files (x86)\Embarcadero\Studio\17.0\bin;C:\Users\Public\Documents\Embarcadero\Studio\17.0\Bpl;C:\Program Files (x86)\Embarcadero\Studio\17.0\bin64;C:\Users\Public\Documents\Embarcadero\Studio\17.0\Bpl\Win64;C:\Program Files (x86)\Embarcadero\Studio\15.0\bin;C:\Users\Public\Documents\Embarcadero\Studio\15.0\Bpl;C:\Program Files (x86)\Embarcadero\Studio\15.0\bin64;C:\Users\Public\Documents\Embarcadero\Studio\15.0\Bpl\Win64;C:\Program Files (x86)\Embarcadero\RAD Studio\12.0\bin;C:\Users\Public\Documents\RAD Studio\12.0\Bpl;C:\Program Files (x86)\Embarcadero\RAD Studio\12.0\bin64;C:\Users\Public\Documents\RAD Studio\12.0\Bpl\Win64;C:\Program Files (x86)\Embarcadero\RAD Studio\9.0\bin;C:\Users\Public\Documents\RAD Studio\9.0\Bpl;C:\Program Files (x86)\Embarcadero\RAD Studio\9.0\bin64;C:\Users\Public\Documents\RAD Studio\9.0\Bpl\Win64;C:\Program Files (x86)\Borland\Delphi7\Bin;C:\Program Files (x86)\Borland\Delphi7\Projects\Bpl\;C:\WINDOWS\system32;C:\WINDOWS;C:\WINDOWS\System32\Wbem;C:\WINDOWS\System32\WindowsPowerShell\v1.0\;C:\Program Files\OpenVPN\bin;C:\Program Files (x86)\Common Files\Tom Sawyer Software\8.0.0;C:\Program Files\TortoiseSVN\bin;C:\Program Files\Microsoft SQL Server\110\DTS\Binn\;C:\Program Files (x86)\Microsoft SQL Server\110\Tools\Binn\;C:\Program Files\Microsoft SQL Server\110\Tools\Binn\;C:\Program Files (x86)\Microsoft SQL Server\110\Tools\Binn\ManagementStudio\;C:\Program Files (x86)\Microsoft Visual Studio 10.0\Common7\IDE\PrivateAssemblies\;C:\Program Files (x86)\Microsoft SQL Server\110\DTS\Binn\;C:\Program Files\TortoiseGit\bin;C:\Program Files\Git\cmd;C:\Program Files (x86)\Skype\Phone\;C:\Program Files (x86)\Windows Kits\8.0\Windows Performance Toolkit\;C:\Program Files\CMake\bin;C:\Program Files\Intel\WiFi\bin\;C:\Program Files\Common Files\Intel\WirelessCommon\;C:\ProgramData\Oracle\Java\javapath;C:\Program Files (x86)\Embarcadero\Studio\18.0\bin;C:\Users\Public\Documents\Embarcadero\Studio\18.0\Bpl;C:\Program Files (x86)\Embarcadero\Studio\18.0\bin64;C:\Users\Public\Documents\Embarcadero\Studio\18.0\Bpl\Win64;C:\Program Files (x86)\Embarcadero\Studio\17.0\bin;C:\Users\Public\Documents\Embarcadero\Studio\17.0\Bpl;C:\Program Files (x86)\Embarcadero\Studio\17.0\bin64;C:\Users\Public\Documents\Embarcadero\Studio\17.0\Bpl\Win64;C:\Program Files (x86)\Embarcadero\Studio\15.0\bin;C:\Users\Public\Documents\Embarcadero\Studio\15.0\Bpl;C:\Program Files (x86)\Embarcadero\Studio\15.0\bin64;C:\Users\Public\Documents\Embarcadero\Studio\15.0\Bpl\Win64;C:\Program Files (x86)\Embarcadero\RAD Studio\12.0\bin;C:\Users\Public\Documents\RAD Studio\12.0\Bpl;C:\Program Files (x86)\Embarcadero\RAD Studio\12.0\bin64;C:\Users\Public\Documents\RAD Studio\12.0\Bpl\Win64;C:\Program Files (x86)\Embarcadero\RAD Studio\9.0\bin;C:\Users\Public\Documents\RAD Studio\9.0\Bpl;C:\Program Files (x86)\Em	PATHEXT=.COM;.EXE;.BAT;.CMD;.VBS;.VBE;.JS;.JSE;.WSF;.WSH;.MSC	PROCESSOR_ARCHITECTURE=AMD64	PROCESSOR_IDENTIFIER=Intel64 Family 6 Model 60 Stepping 3, GenuineIntel	PROCESSOR_LEVEL=6	PROCESSOR_REVISION=3c03	ProgramData=C:\ProgramData	ProgramFiles=C:\Program Files	ProgramFiles(x86)=C:\Program Files (x86)	ProgramW6432=C:\Program Files	PSModulePath=C:\Program Files\WindowsPowerShell\Modules;C:\WINDOWS\system32\WindowsPowerShell\v1.0\Modules;C:\Program Files (x86)\Microsoft SQL Server\110\Tools\PowerShell\Modules\	PUBLIC=C:\Users\Public	SESSIONNAME=Console	SystemDrive=C:	SystemRoot=C:\WINDOWS	TEMP=C:\Users\xchinjo\AppData\Local\Temp	TMP=C:\Users\xchinjo\AppData\Local\Temp	TNS_ADMIN=D:\Oracle\OracleInstantClient	TVT=C:\Program Files (x86)\Lenovo	USERDOMAIN=JONIT440P	USERDOMAIN_ROAMINGPROFILE=JONIT440P	USERNAME=xchinjo	USERPROFILE=C:\Users\xchinjo	VS110COMNTOOLS=C:\Program Files (x86)\Microsoft Visual Studio 11.0\Common7\Tools\	windir=C:\WINDOWSTSQLLog 1.18.3289 FTS3 2017-04-03T14:07:4320170403 14074330  !  +    mORMotHttpServer.TSQLHttpServer(00D5B820).Create useBidirSocket (secNone) on port 8888
20170403 14074330  " info  SetThreadName 00002120=TSQLHttpServer 8888/root TWebSocketServerRest
20170403 14074330  " trace mORMot.TSQLRestServerFullMemory(00D9F1A0) BeginCurrentThread(TWebSocketServerRest) root=root ThreadID=00002120 ThreadCount=1
20170403 14074330  ! http  	mORMotHttpServer.TSQLHttpServer(00D5B820) {"TWebSocketServerRest(00DB3E40)":{"ServerConnectionCount":0,"ServerKeepAliveTimeOut":3000,"TCPPrefix":"","ThreadPoolContentionCount":0,"ThreadPoolContentionAbortCount":0,"APIVersion":".514","ServerName":"mORMot (Windows)","ProcessName":"root "}} initialized for root
20170403 14074330  !  -    00.002.096
20170403 14074629  # info  SetThreadName 00002C2C=TSQLHttpServer 8888/root TWebSocketServerResp
20170403 14074629  # trace mORMot.TSQLRestServerFullMemory(00D9F1A0) BeginCurrentThread(TWebSocketServerResp) root=root ThreadID=00002C2C ThreadCount=2
20170403 14074629  # trace SynBidirSock.TWebSocketProcessServer(00DB3FE0) GetFrame r000001 focBinary len=31 r000001$01$03GET$0Eroot/TimeStamp$00$010$00
20170403 14074629  #  +    mORMot.TSQLRestServerFullMemory(00D9F1A0).URI(GET root/TimeStamp inlen=0)
20170403 14074629  # call  	mORMot.TSQLRestServerFullMemory(00D9F1A0) TimeStamp 
20170403 14074629  # srvr  	mORMot.TSQLRestServerFullMemory(00D9F1A0)   GET root/TimeStamp SOA-Method -> 200 with outlen=12 in 77 us
20170403 14074629  # ret   	mORMot.TSQLRestServerFullMemory(00D9F1A0) 135371481582
20170403 14074629  #  -    00.000.231
20170403 14074629  # trace SynBidirSock.TWebSocketProcessServer(00DB3FE0) SendFrame a000001 focBinary len=74 a000001$01$03200$17Server-InternalState: 0$19text/plain; charset=UTF-8135371481582
20170403 14074629  # trace SynBidirSock.TWebSocketProcessServer(00DB3FE0) GetFrame r000002 focBinary len=47 r000002$01$00$1Froot/LongWorkService._contract_$00$010$00[]
20170403 14074629  #  +    mORMot.TSQLRestServerFullMemory(00D9F1A0).URI(POST root/LongWorkService._contract_ inlen=2)
20170403 14074629  # call  	mORMot.TSQLRestServerFullMemory(00D9F1A0) ILongWorkService._contract_[]
20170403 14074629  # srvr  	mORMot.TSQLRestServerFullMemory(00D9F1A0)   POST root/LongWorkService._contract_ SOA-Interface -> 200 with outlen=31 in 384 us
20170403 14074629  # ret   	mORMot.TSQLRestServerFullMemory(00D9F1A0) {"result":["5C548B9BBA1FD9C5"]}
20170403 14074629  #  -    00.001.703
20170403 14074629  # trace SynBidirSock.TWebSocketProcessServer(00DB3FE0) SendFrame a000002 focBinary len=68 a000002$01$03200$17Server-InternalState: 0$00{"result":["5C548B9BBA1FD9C5"]}
20170403 14075035  # trace SynBidirSock.TWebSocketProcessServer(00DB3FE0) GetFrame r000003 focBinary len=54 r000003$01$00$1Eroot/LongWorkService.StartWork$00$010$00["test",1]
20170403 14075035  #  +    mORMot.TSQLRestServerFullMemory(00D9F1A0).URI(POST root/LongWorkService.StartWork inlen=10)
20170403 14075035  # call  	mORMot.TSQLRestServerFullMemory(00D9F1A0) ILongWorkService.StartWork["test",1]
20170403 14075035  # srvr  	mORMot.TSQLRestServerFullMemory(00D9F1A0)   POST root/LongWorkService.StartWork SOA-Interface -> 200 with outlen=13 in 4066 us
20170403 14075035  # ret   	mORMot.TSQLRestServerFullMemory(00D9F1A0) {"result":[]}
20170403 14075035  $ info  {"TLongWorkServiceThread(00DC2070)":{}}.Execute(test) started
20170403 14075035  #  -    00.005.636
20170403 14075035  # trace SynBidirSock.TWebSocketProcessServer(00DB3FE0) SendFrame a000003 focBinary len=50 a000003$01$03200$17Server-InternalState: 0$00{"result":[]}
20170403 14075035  # trace SynBidirSock.TWebSocketProcessServer(00DB3FE0) GetFrame r000004 focBinary len=51 r000004$01$00#root/LongWorkService.TotalWorkCount$00$010$00[]
20170403 14075035  #  +    mORMot.TSQLRestServerFullMemory(00D9F1A0).URI(POST root/LongWorkService.TotalWorkCount inlen=2)
20170403 14075035  # call  	mORMot.TSQLRestServerFullMemory(00D9F1A0) ILongWorkService.TotalWorkCount[]
20170403 14075035  # srvr  	mORMot.TSQLRestServerFullMemory(00D9F1A0)   POST root/LongWorkService.TotalWorkCount SOA-Interface -> 200 with outlen=14 in 331 us
20170403 14075035  # ret   	mORMot.TSQLRestServerFullMemory(00D9F1A0) {"result":[1]}
20170403 14075036  #  -    00.002.762
20170403 14075036  # trace SynBidirSock.TWebSocketProcessServer(00DB3FE0) SendFrame a000004 focBinary len=51 a000004$01$03200$17Server-InternalState: 0$00{"result":[1]}
20170403 14075537  $ trace SynBidirSock.TWebSocketServerRest(00DB3E40) Callback(root/LongWorkCallback.WorkFinished/1) on socket=1
20170403 14075538  $ trace SynBidirSock.TWebSocketProcessServer(00DB3FE0) NotifyCallback(root/LongWorkCallback.WorkFinished/1,wscNonBlockWithoutAnswer)
20170403 14075538  $ info  {"TLongWorkServiceThread(00DC2070)":{}}.Execute(test) notified
20170403 14075538  $ trace mORMot.TSQLRestServerFullMemory(00D9F1A0) TInterfacedObjectFakeServer(00E06980:1).Destroy ILongWorkService
20170403 14075538  $ trace SynBidirSock.TWebSocketServerRest(00DB3E40) Callback(root/_free_/1) on socket=1
20170403 14075538  $ trace SynBidirSock.TWebSocketProcessServer(00DB3FE0) NotifyCallback(root/_free_/1,wscNonBlockWithoutAnswer)
20170403 14075543  # trace SynBidirSock.TWebSocketProcessServer(00DB3FE0) SendFrame frames focBinary len=102 frames$01$01?r000001$01$00$root/LongWorkCallback.WorkFinished/1$00$011$00["test",5031]$1Dr000002$01$00$0Droot/_free_/1$00$011$00[]
20170403 14075955  # trace SynBidirSock.TWebSocketProcessServer(00DB3FE0) GetFrame r000005 focBinary len=53 r000005$01$00$1Eroot/LongWorkService.StartWork$00$010$00["aaa",2]
20170403 14075955  #  +    mORMot.TSQLRestServerFullMemory(00D9F1A0).URI(POST root/LongWorkService.StartWork inlen=9)
20170403 14075955  # call  	mORMot.TSQLRestServerFullMemory(00D9F1A0) ILongWorkService.StartWork["aaa",2]
20170403 14075955  # srvr  	mORMot.TSQLRestServerFullMemory(00D9F1A0)   POST root/LongWorkService.StartWork SOA-Interface -> 200 with outlen=13 in 412 us
20170403 14075955  # ret   	mORMot.TSQLRestServerFullMemory(00D9F1A0) {"result":[]}
20170403 14075955  % info  {"TLongWorkServiceThread(00DC2070)":{}}.Execute(aaa) started
20170403 14075955  #  -    00.001.898
20170403 14075955  # trace SynBidirSock.TWebSocketProcessServer(00DB3FE0) SendFrame a000005 focBinary len=50 a000005$01$03200$17Server-InternalState: 0$00{"result":[]}
20170403 14075955  # trace SynBidirSock.TWebSocketProcessServer(00DB3FE0) GetFrame r000006 focBinary len=51 r000006$01$00#root/LongWorkService.TotalWorkCount$00$010$00[]
20170403 14075955  #  +    mORMot.TSQLRestServerFullMemory(00D9F1A0).URI(POST root/LongWorkService.TotalWorkCount inlen=2)
20170403 14075955  # call  	mORMot.TSQLRestServerFullMemory(00D9F1A0) ILongWorkService.TotalWorkCount[]
20170403 14075955  # srvr  	mORMot.TSQLRestServerFullMemory(00D9F1A0)   POST root/LongWorkService.TotalWorkCount SOA-Interface -> 200 with outlen=14 in 263 us
20170403 14075955  # ret   	mORMot.TSQLRestServerFullMemory(00D9F1A0) {"result":[2]}
20170403 14075955  #  -    00.001.253
20170403 14075955  # trace SynBidirSock.TWebSocketProcessServer(00DB3FE0) SendFrame a000006 focBinary len=51 a000006$01$03200$17Server-InternalState: 0$00{"result":[2]}
20170403 14080505  % trace SynBidirSock.TWebSocketServerRest(00DB3E40) Callback(root/LongWorkCallback.WorkFinished/2) on socket=1
20170403 14080505  % trace SynBidirSock.TWebSocketProcessServer(00DB3FE0) NotifyCallback(root/LongWorkCallback.WorkFinished/2,wscNonBlockWithoutAnswer)
20170403 14080505  % info  {"TLongWorkServiceThread(00DC2070)":{}}.Execute(aaa) notified
20170403 14080505  % trace mORMot.TSQLRestServerFullMemory(00D9F1A0) TInterfacedObjectFakeServer(00E06DE0:2).Destroy ILongWorkService
20170403 14080505  % trace SynBidirSock.TWebSocketServerRest(00DB3E40) Callback(root/_free_/2) on socket=1
20170403 14080505  % trace SynBidirSock.TWebSocketProcessServer(00DB3FE0) NotifyCallback(root/_free_/2,wscNonBlockWithoutAnswer)
20170403 14080529  # trace SynBidirSock.TWebSocketProcessServer(00DB3FE0) SendFrame frames focBinary len=101 frames$01$01>r000003$01$00$root/LongWorkCallback.WorkFinished/2$00$011$00["aaa",5203]$1Dr000004$01$