C:\LIB\DELPHI_LIB\mORMot_Lastest\SQLite3\Samples\31 - WebSockets\Project31LongWorkServer.exe 0.0.0.0 (2017-04-18 16:20:58)Host=JONIT440P User=xchinjo CPU=4*9-6-15363:FFFBEBBFFFFBFA7FAB27000000 OS=15.0=6.2.9200 Wow64=0 Freq=2825485Environment variables=ALLUSERSPROFILE=C:\ProgramData	APPDATA=C:\Users\xchinjo\AppData\Roaming	CommonProgramFiles=C:\Program Files\Common Files	CommonProgramFiles(x86)=C:\Program Files (x86)\Common Files	CommonProgramW6432=C:\Program Files\Common Files	COMPUTERNAME=JONIT440P	ComSpec=C:\WINDOWS\system32\cmd.exe	ESET_OPTIONS=                                                                                                                                                                                                                                                                                                                                                                                                                                                                                                                               	FPS_BROWSER_APP_PROFILE_STRING=Internet Explorer	FPS_BROWSER_USER_PROFILE_STRING=Default	HOMEDRIVE=C:	HOMEPATH=\Users\xchinjo	LOCALAPPDATA=C:\Users\xchinjo\AppData\Local	LOGONSERVER=\\JONIT440P	NLS_LANG=THAI_THAILAND.TH8TISASCII	NUMBER_OF_PROCESSORS=4	OneDrive=C:\Users\xchinjo\OneDrive	ORACLE_HOME=D:\app\xchinjo\product\11.2.0\dbhome_1	OS=Windows_NT	Path=D:\Oracle\OracleInstantClient;C:\ProgramData\Oracle\Java\javapath;C:\Program Files (x86)\Embarcadero\Studio\18.0\bin;C:\Users\Public\Documents\Embarcadero\Studio\18.0\Bpl;C:\Program Files (x86)\Embarcadero\Studio\18.0\bin64;C:\Users\Public\Documents\Embarcadero\Studio\18.0\Bpl\Win64;C:\Program Files (x86)\Embarcadero\Studio\17.0\bin;C:\Users\Public\Documents\Embarcadero\Studio\17.0\Bpl;C:\Program Files (x86)\Embarcadero\Studio\17.0\bin64;C:\Users\Public\Documents\Embarcadero\Studio\17.0\Bpl\Win64;C:\Program Files (x86)\Embarcadero\Studio\15.0\bin;C:\Users\Public\Documents\Embarcadero\Studio\15.0\Bpl;C:\Program Files (x86)\Embarcadero\Studio\15.0\bin64;C:\Users\Public\Documents\Embarcadero\Studio\15.0\Bpl\Win64;C:\Program Files (x86)\Embarcadero\RAD Studio\12.0\bin;C:\Users\Public\Documents\RAD Studio\12.0\Bpl;C:\Program Files (x86)\Embarcadero\RAD Studio\12.0\bin64;C:\Users\Public\Documents\RAD Studio\12.0\Bpl\Win64;C:\Program Files (x86)\Embarcadero\RAD Studio\9.0\bin;C:\Users\Public\Documents\RAD Studio\9.0\Bpl;C:\Program Files (x86)\Embarcadero\RAD Studio\9.0\bin64;C:\Users\Public\Documents\RAD Studio\9.0\Bpl\Win64;C:\Program Files (x86)\Borland\Delphi7\Bin;C:\Program Files (x86)\Borland\Delphi7\Projects\Bpl\;C:\WINDOWS\system32;C:\WINDOWS;C:\WINDOWS\System32\Wbem;C:\WINDOWS\System32\WindowsPowerShell\v1.0\;C:\Program Files\OpenVPN\bin;C:\Program Files (x86)\Common Files\Tom Sawyer Software\8.0.0;C:\Program Files\TortoiseSVN\bin;C:\Program Files\Microsoft SQL Server\110\DTS\Binn\;C:\Program Files (x86)\Microsoft SQL Server\110\Tools\Binn\;C:\Program Files\Microsoft SQL Server\110\Tools\Binn\;C:\Program Files (x86)\Microsoft SQL Server\110\Tools\Binn\ManagementStudio\;C:\Program Files (x86)\Microsoft Visual Studio 10.0\Common7\IDE\PrivateAssemblies\;C:\Program Files (x86)\Microsoft SQL Server\110\DTS\Binn\;C:\Program Files\TortoiseGit\bin;C:\Program Files\Git\cmd;C:\Program Files (x86)\Skype\Phone\;C:\Program Files (x86)\Windows Kits\8.0\Windows Performance Toolkit\;C:\Program Files\CMake\bin;C:\Program Files\Intel\WiFi\bin\;C:\Program Files\Common Files\Intel\WirelessCommon\;C:\ProgramData\Oracle\Java\javapath;C:\Program Files (x86)\Embarcadero\Studio\18.0\bin;C:\Users\Public\Documents\Embarcadero\Studio\18.0\Bpl;C:\Program Files (x86)\Embarcadero\Studio\18.0\bin64;C:\Users\Public\Documents\Embarcadero\Studio\18.0\Bpl\Win64;C:\Program Files (x86)\Embarcadero\Studio\17.0\bin;C:\Users\Public\Documents\Embarcadero\Studio\17.0\Bpl;C:\Program Files (x86)\Embarcadero\Studio\17.0\bin64;C:\Users\Public\Documents\Embarcadero\Studio\17.0\Bpl\Win64;C:\Program Files (x86)\Embarcadero\Studio\15.0\bin;C:\Users\Public\Documents\Embarcadero\Studio\15.0\Bpl;C:\Program Files (x86)\Embarcadero\Studio\15.0\bin64;C:\Users\Public\Documents\Embarcadero\Studio\15.0\Bpl\Win64;C:\Program Files (x86)\Embarcadero\RAD Studio\12.0\bin;C:\Users\Public\Documents\RAD Studio\12.0\Bpl;C:\Program Files (x86)\Embarcadero\RAD Studio\12.0\bin64;C:\Users\Public\Documents\RAD Studio\12.0\Bpl\Win64;C:\Program Files (x86)\Embarcadero\RAD Studio\9.0\bin;C:\Users\Public\Documents\RAD Studio\9.0\Bpl;C:\Program Files (x86)\Em	PATHEXT=.COM;.EXE;.BAT;.CMD;.VBS;.VBE;.JS;.JSE;.WSF;.WSH;.MSC	PROCESSOR_ARCHITECTURE=AMD64	PROCESSOR_IDENTIFIER=Intel64 Family 6 Model 60 Stepping 3, GenuineIntel	PROCESSOR_LEVEL=6	PROCESSOR_REVISION=3c03	ProgramData=C:\ProgramData	ProgramFiles=C:\Program Files	ProgramFiles(x86)=C:\Program Files (x86)	ProgramW6432=C:\Program Files	PSModulePath=C:\Program Files\WindowsPowerShell\Modules;C:\WINDOWS\system32\WindowsPowerShell\v1.0\Modules;C:\Program Files (x86)\Microsoft SQL Server\110\Tools\PowerShell\Modules\	PUBLIC=C:\Users\Public	SESSIONNAME=Console	SystemDrive=C:	SystemRoot=C:\WINDOWS	TEMP=C:\Users\xchinjo\AppData\Local\Temp	TMP=C:\Users\xchinjo\AppData\Local\Temp	TNS_ADMIN=D:\Oracle\OracleInstantClient	TVT=C:\Program Files (x86)\Lenovo	USERDOMAIN=JONIT440P	USERDOMAIN_ROAMINGPROFILE=JONIT440P	USERNAME=xchinjo	USERPROFILE=C:\Users\xchinjo	VS110COMNTOOLS=C:\Program Files (x86)\Microsoft Visual Studio 11.0\Common7\Tools\	windir=C:\WINDOWSTSQLLog 1.18.3289 FTS3 2017-04-18T10:54:5420170418 10545444  !  +    mORMotHttpServer.TSQLHttpServer(00DDB820).Create useBidirSocket (secNone) on port 888
20170418 10545444  " info  SetThreadName 00005E5C=TSQLHttpServer 888/root TWebSocketServerRest
20170418 10545444  " trace mORMot.TSQLRestServerFullMemory(00E1F1A0) BeginCurrentThread(TWebSocketServerRest) root=root ThreadID=00005E5C ThreadCount=1
20170418 10545444  ! http  	mORMotHttpServer.TSQLHttpServer(00DDB820) {"TWebSocketServerRest(00E33E40)":{"ServerConnectionCount":0,"ServerKeepAliveTimeOut":3000,"TCPPrefix":"","ThreadPoolContentionCount":0,"ThreadPoolContentionAbortCount":0,"APIVersion":".514","ServerName":"mORMot (Windows)","ProcessName":"root "}} initialized for root
20170418 10545444  !  -    00.002.961
20170418 10545814  # info  SetThreadName 00006784=TSQLHttpServer 888/root TWebSocketServerResp
20170418 10545814  # trace mORMot.TSQLRestServerFullMemory(00E1F1A0) BeginCurrentThread(TWebSocketServerResp) root=root ThreadID=00006784 ThreadCount=2
20170418 10545814  # trace SynBidirSock.TWebSocketProcessServer(00E33FE0) GetFrame r000001 focBinary len=31 r000001$01$03GET$0Eroot/TimeStamp$00$010$00
20170418 10545814  #  +    mORMot.TSQLRestServerFullMemory(00E1F1A0).URI(GET root/TimeStamp inlen=0)
20170418 10545814  # call  	mORMot.TSQLRestServerFullMemory(00E1F1A0) TimeStamp 
20170418 10545814  # srvr  	mORMot.TSQLRestServerFullMemory(00E1F1A0)   GET root/TimeStamp SOA-Method -> 200 with outlen=12 in 80 us
20170418 10545814  # ret   	mORMot.TSQLRestServerFullMemory(00E1F1A0) 135373434298
20170418 10545814  #  -    00.000.232
20170418 10545814  # trace SynBidirSock.TWebSocketProcessServer(00E33FE0) SendFrame a000001 focBinary len=74 a000001$01$03200$17Server-InternalState: 0$19text/plain; charset=UTF-8135373434298
20170418 10545814  # trace SynBidirSock.TWebSocketProcessServer(00E33FE0) GetFrame r000002 focBinary len=47 r000002$01$00$1Froot/LongWorkService._contract_$00$010$00[]
20170418 10545814  #  +    mORMot.TSQLRestServerFullMemory(00E1F1A0).URI(POST root/LongWorkService._contract_ inlen=2)
20170418 10545814  # call  	mORMot.TSQLRestServerFullMemory(00E1F1A0) ILongWorkService._contract_[]
20170418 10545814  # srvr  	mORMot.TSQLRestServerFullMemory(00E1F1A0)   POST root/LongWorkService._contract_ SOA-Interface -> 200 with outlen=31 in 356 us
20170418 10545814  # ret   	mORMot.TSQLRestServerFullMemory(00E1F1A0) {"result":["5C548B9BBA1FD9C5"]}
20170418 10545814  #  -    00.001.770
20170418 10545814  # trace SynBidirSock.TWebSocketProcessServer(00E33FE0) SendFrame a000002 focBinary len=68 a000002$01$03200$17Server-InternalState: 0$00{"result":["5C548B9BBA1FD9C5"]}
20170418 10545814  # trace SynBidirSock.TWebSocketProcessServer(00E33FE0) GetFrame r000003 focBinary len=58 r000003$01$00$1Eroot/LongWorkService.StartWork$00$010$00["UniEdit1",1]
20170418 10545814  #  +    mORMot.TSQLRestServerFullMemory(00E1F1A0).URI(POST root/LongWorkService.StartWork inlen=14)
20170418 10545814  # call  	mORMot.TSQLRestServerFullMemory(00E1F1A0) ILongWorkService.StartWork["UniEdit1",1]
20170418 10545814  # srvr  	mORMot.TSQLRestServerFullMemory(00E1F1A0)   POST root/LongWorkService.StartWork SOA-Interface -> 200 with outlen=13 in 490 us
20170418 10545814  # ret   	mORMot.TSQLRestServerFullMemory(00E1F1A0) {"result":[]}
20170418 10545814  $ info  {"TLongWorkServiceThread(00E42070)":{}}.Execute(UniEdit1) started
20170418 10545814  #  -    00.004.918
20170418 10545814  # trace SynBidirSock.TWebSocketProcessServer(00E33FE0) SendFrame a000003 focBinary len=50 a000003$01$03200$17Server-InternalState: 0$00{"result":[]}
20170418 10545814  # trace SynBidirSock.TWebSocketProcessServer(00E33FE0) GetFrame r000004 focBinary len=94 r000004$01$00$1Aroot/CacheFlush/_callback_$1FSec-WebSocket-REST: NonBlocking$011$00{"ILongWorkCallback":1}
20170418 10545814  #  +    mORMot.TSQLRestServerFullMemory(00E1F1A0).URI(POST root/CacheFlush/_callback_ inlen=23)
20170418 10545814  # call  	mORMot.TSQLRestServerFullMemory(00E1F1A0) CacheFlush 
20170418 10545814  # debug 	mORMot.TSQLRestServerFullMemory(00E1F1A0) TServiceContainerServer.FakeCallbackRelease(1,"ILongWorkCallback") remote call
20170418 10545814  # srvr  	mORMot.TSQLRestServerFullMemory(00E1F1A0)   POST root/CacheFlush SOA-Method -> 200 with outlen=0 in 637 us
20170418 10545814  #  -    00.001.573
20170418 10545814  # trace SynBidirSock.TWebSocketProcessServer(00E33FE0) GetFrame * focConnectionClose len=0 
20170418 10545814  # trace SynBidirSock.TWebSocketProcessServer(00E33FE0) SendFrame * focConnectionClose len=0 
20170418 10545814  #  +    SynBidirSock.TWebSocketProcessServer(00E33FE0).007381B4 
20170418 10545814  #  -    00.000.294
20170418 10545814  # trace mORMot.TSQLRestServerFullMemory(00E1F1A0) EndCurrentThread(TWebSocketServerResp) ThreadID=00006784 ThreadCount=1
20170418 10550317  $ warn  mORMot.TSQLRestServerFullMemory(00E1F1A0) {"TInterfacedObjectFakeServer(00E86980)":{"Factory":{"TInterfaceFactoryRTTI(00E51A20)":{"InterfaceName":"ILongWorkCallback"}},"ClientDrivenID":1}}.CallbackInvoke: ILongWorkCallback instance has been released on the client side, so ILongWorkCallback.WorkFinished callback notification was NOT sent
20170418 10550317  $ info  {"TLongWorkServiceThread(00E42070)":{}}.Execute(UniEdit1) notified
20170418 10550317  $ trace mORMot.TSQLRestServerFullMemory(00E1F1A0) TInterfacedObjectFakeServer(00E86980:1).Destroy ILongWorkService
20170418 10551425  # info  SetThreadName 000063A0=TSQLHttpServer 888/root TWebSocketServerResp
20170418 10551425  # trace mORMot.TSQLRestServerFullMemory(00E1F1A0) BeginCurrentThread(TWebSocketServerResp) root=root ThreadID=000063A0 ThreadCount=2
20170418 10551425  # trace SynBidirSock.TWebSocketProcessServer(00E33FE0) GetFrame r000001 focBinary len=31 r000001$01$03GET$0Eroot/TimeStamp$00$010$00
20170418 10551425  #  +    mORMot.TSQLRestServerFullMemory(00E1F1A0).URI(GET root/TimeStamp inlen=0)
20170418 10551425  # call  	mORMot.TSQLRestServerFullMemory(00E1F1A0) TimeStamp 
20170418 10551425  # srvr  	mORMot.TSQLRestServerFullMemory(00E1F1A0)   GET root/TimeStamp SOA-Method -> 200 with outlen=12 in 319 us
20170418 10551425  # ret   	mORMot.TSQLRestServerFullMemory(00E1F1A0) 135373434318
20170418 10551425  #  -    00.001.634
20170418 10551425  # trace SynBidirSock.TWebSocketProcessServer(00E33FE0) SendFrame a000001 focBinary len=74 a000001$01$03200$17Server-InternalState: 0$19text/plain; charset=UTF-8135373434318
20170418 10551425  # trace SynBidirSock.TWebSocketProcessServer(00E33FE0) GetFrame r000002 focBinary len=47 r000002$01$00$1Froot/LongWorkService._contract_$00$010$00[]
20170418 10551425  #  +    mORMot.TSQLRestServerFullMemory(00E1F1A0).URI(POST root/LongWorkService._contract_ inlen=2)
20170418 10551425  # call  	mORMot.TSQLRestServerFullMemory(00E1F1A0) ILongWorkService._contract_[]
20170418 10551425  # srvr  	mORMot.TSQLRestServerFullMemory(00E1F1A0)   POST root/LongWorkService._contract_ SOA-Interface -> 200 with outlen=31 in 428 us
20170418 10551425  # ret   	mORMot.TSQLRestServerFullMemory(00E1F1A0) {"result":["5C548B9BBA1FD9C5"]}
20170418 10551425  #  -    00.001.862
20170418 10551425  # trace SynBidirSock.TWebSocketProcessServer(00E33FE0) SendFrame a000002 focBinary len=68 a000002$01$03200$17Server-InternalState: 0$00{"result":["5C548B9BBA1FD9C5"]}
20170418 10551425  # trace SynBidirSock.TWebSocketProcessServer(00E33FE0) GetFrame r000003 focBinary len=60 r000003$01$00$1Eroot/LongWorkService.StartWork$00$010$00["aaaaaaaaaa",1]
20170418 10551425  #  +    mORMot.TSQLRestServerFullMemory(00E1F1A0).URI(POST root/LongWorkService.StartWork inlen=16)
20170418 10551425  # call  	mORMot.TSQLRestServerFullMemory(00E1F1A0) ILongWorkService.StartWork["aaaaaaaaaa",1]
20170418 10551425  # srvr  	mORMot.TSQLRestServerFullMemory(00E1F1A0)   POST root/LongWorkService.StartWork SOA-Interface -> 200 with outlen=13 in 379 us
20170418 10551425  # ret   	mORMot.TSQLRestServerFullMemory(00E1F1A0) {"result":[]}
20170418 10551425  #  -    00.001.634
20170418 10551425  % info  {"TLongWorkServiceThread(00E41FE0)":{}}.Execute(aaaaaaaaaa) started
20170418 10551425  # trace SynBidirSock.