C:\LIB\DELPHI_LIB\mORMot_Lastest\SQLite3\Samples\31 - WebSockets\Project31LongWorkServer.exe 0.0.0.0 (2017-04-03 21:13:19)Host=JONIT440P User=xchinjo CPU=4*9-6-15363:FFFBEBBFFFFBFA7FAB27000000 OS=15.0=6.2.9200 Wow64=0 Freq=2825499Environment variables=ALLUSERSPROFILE=C:\ProgramData	APPDATA=C:\Users\xchinjo\AppData\Roaming	CommonProgramFiles=C:\Program Files\Common Files	CommonProgramFiles(x86)=C:\Program Files (x86)\Common Files	CommonProgramW6432=C:\Program Files\Common Files	COMPUTERNAME=JONIT440P	ComSpec=C:\WINDOWS\system32\cmd.exe	ESET_OPTIONS=                                                                                                                                                                                                                                                                                                                                                                                                                                                                                                                               	HOMEDRIVE=C:	HOMEPATH=\Users\xchinjo	LOCALAPPDATA=C:\Users\xchinjo\AppData\Local	LOGONSERVER=\\JONIT440P	NLS_LANG=THAI_THAILAND.TH8TISASCII	NUMBER_OF_PROCESSORS=4	OneDrive=C:\Users\xchinjo\OneDrive	ORACLE_HOME=D:\app\xchinjo\product\11.2.0\dbhome_1	OS=Windows_NT	Path=D:\Oracle\OracleInstantClient;C:\ProgramData\Oracle\Java\javapath;C:\Program Files (x86)\Embarcadero\Studio\18.0\bin;C:\Users\Public\Documents\Embarcadero\Studio\18.0\Bpl;C:\Program Files (x86)\Embarcadero\Studio\18.0\bin64;C:\Users\Public\Documents\Embarcadero\Studio\18.0\Bpl\Win64;C:\Program Files (x86)\Embarcadero\Studio\17.0\bin;C:\Users\Public\Documents\Embarcadero\Studio\17.0\Bpl;C:\Program Files (x86)\Embarcadero\Studio\17.0\bin64;C:\Users\Public\Documents\Embarcadero\Studio\17.0\Bpl\Win64;C:\Program Files (x86)\Embarcadero\Studio\15.0\bin;C:\Users\Public\Documents\Embarcadero\Studio\15.0\Bpl;C:\Program Files (x86)\Embarcadero\Studio\15.0\bin64;C:\Users\Public\Documents\Embarcadero\Studio\15.0\Bpl\Win64;C:\Program Files (x86)\Embarcadero\RAD Studio\12.0\bin;C:\Users\Public\Documents\RAD Studio\12.0\Bpl;C:\Program Files (x86)\Embarcadero\RAD Studio\12.0\bin64;C:\Users\Public\Documents\RAD Studio\12.0\Bpl\Win64;C:\Program Files (x86)\Embarcadero\RAD Studio\9.0\bin;C:\Users\Public\Documents\RAD Studio\9.0\Bpl;C:\Program Files (x86)\Embarcadero\RAD Studio\9.0\bin64;C:\Users\Public\Documents\RAD Studio\9.0\Bpl\Win64;C:\Program Files (x86)\Borland\Delphi7\Bin;C:\Program Files (x86)\Borland\Delphi7\Projects\Bpl\;C:\WINDOWS\system32;C:\WINDOWS;C:\WINDOWS\System32\Wbem;C:\WINDOWS\System32\WindowsPowerShell\v1.0\;C:\Program Files\OpenVPN\bin;C:\Program Files (x86)\Common Files\Tom Sawyer Software\8.0.0;C:\Program Files\TortoiseSVN\bin;C:\Program Files\Microsoft SQL Server\110\DTS\Binn\;C:\Program Files (x86)\Microsoft SQL Server\110\Tools\Binn\;C:\Program Files\Microsoft SQL Server\110\Tools\Binn\;C:\Program Files (x86)\Microsoft SQL Server\110\Tools\Binn\ManagementStudio\;C:\Program Files (x86)\Microsoft Visual Studio 10.0\Common7\IDE\PrivateAssemblies\;C:\Program Files (x86)\Microsoft SQL Server\110\DTS\Binn\;C:\Program Files\TortoiseGit\bin;C:\Program Files\Git\cmd;C:\Program Files (x86)\Skype\Phone\;C:\Program Files (x86)\Windows Kits\8.0\Windows Performance Toolkit\;C:\Program Files\CMake\bin;C:\Program Files\Intel\WiFi\bin\;C:\Program Files\Common Files\Intel\WirelessCommon\;C:\ProgramData\Oracle\Java\javapath;C:\Program Files (x86)\Embarcadero\Studio\18.0\bin;C:\Users\Public\Documents\Embarcadero\Studio\18.0\Bpl;C:\Program Files (x86)\Embarcadero\Studio\18.0\bin64;C:\Users\Public\Documents\Embarcadero\Studio\18.0\Bpl\Win64;C:\Program Files (x86)\Embarcadero\Studio\17.0\bin;C:\Users\Public\Documents\Embarcadero\Studio\17.0\Bpl;C:\Program Files (x86)\Embarcadero\Studio\17.0\bin64;C:\Users\Public\Documents\Embarcadero\Studio\17.0\Bpl\Win64;C:\Program Files (x86)\Embarcadero\Studio\15.0\bin;C:\Users\Public\Documents\Embarcadero\Studio\15.0\Bpl;C:\Program Files (x86)\Embarcadero\Studio\15.0\bin64;C:\Users\Public\Documents\Embarcadero\Studio\15.0\Bpl\Win64;C:\Program Files (x86)\Embarcadero\RAD Studio\12.0\bin;C:\Users\Public\Documents\RAD Studio\12.0\Bpl;C:\Program Files (x86)\Embarcadero\RAD Studio\12.0\bin64;C:\Users\Public\Documents\RAD Studio\12.0\Bpl\Win64;C:\Program Files (x86)\Embarcadero\RAD Studio\9.0\bin;C:\Users\Public\Documents\RAD Studio\9.0\Bpl;C:\Program Files (x86)\Em	PATHEXT=.COM;.EXE;.BAT;.CMD;.VBS;.VBE;.JS;.JSE;.WSF;.WSH;.MSC	PROCESSOR_ARCHITECTURE=AMD64	PROCESSOR_IDENTIFIER=Intel64 Family 6 Model 60 Stepping 3, GenuineIntel	PROCESSOR_LEVEL=6	PROCESSOR_REVISION=3c03	ProgramData=C:\ProgramData	ProgramFiles=C:\Program Files	ProgramFiles(x86)=C:\Program Files (x86)	ProgramW6432=C:\Program Files	PSModulePath=C:\Program Files\WindowsPowerShell\Modules;C:\WINDOWS\system32\WindowsPowerShell\v1.0\Modules;C:\Program Files (x86)\Microsoft SQL Server\110\Tools\PowerShell\Modules\	PUBLIC=C:\Users\Public	SESSIONNAME=Console	SystemDrive=C:	SystemRoot=C:\WINDOWS	TEMP=C:\Users\xchinjo\AppData\Local\Temp	TMP=C:\Users\xchinjo\AppData\Local\Temp	TNS_ADMIN=D:\Oracle\OracleInstantClient	TVT=C:\Program Files (x86)\Lenovo	USERDOMAIN=JONIT440P	USERDOMAIN_ROAMINGPROFILE=JONIT440P	USERNAME=xchinjo	USERPROFILE=C:\Users\xchinjo	VS110COMNTOOLS=C:\Program Files (x86)\Microsoft Visual Studio 11.0\Common7\Tools\	windir=C:\WINDOWSTSQLLog 1.18.3289 FTS3 2017-04-03T14:13:2720170403 14132712  !  +    mORMotHttpServer.TSQLHttpServer(025FB820).Create useBidirSocket (secNone) on port 8888
20170403 14132712  " info  SetThreadName 000023B4=TSQLHttpServer 8888/root TWebSocketServerRest
20170403 14132712  " trace mORMot.TSQLRestServerFullMemory(0263F1A0) BeginCurrentThread(TWebSocketServerRest) root=root ThreadID=000023B4 ThreadCount=1
20170403 14132712  ! http  	mORMotHttpServer.TSQLHttpServer(025FB820) {"TWebSocketServerRest(02653E40)":{"ServerConnectionCount":0,"ServerKeepAliveTimeOut":3000,"TCPPrefix":"","ThreadPoolContentionCount":0,"ThreadPoolContentionAbortCount":0,"APIVersion":".514","ServerName":"mORMot (Windows)","ProcessName":"root "}} initialized for root
20170403 14132712  !  -    00.002.586
20170403 14132917  # info  SetThreadName 00002F4C=TSQLHttpServer 8888/root TWebSocketServerResp
20170403 14132917  # trace mORMot.TSQLRestServerFullMemory(0263F1A0) BeginCurrentThread(TWebSocketServerResp) root=root ThreadID=00002F4C ThreadCount=2
20170403 14132917  #  +    mORMot.TSQLRestServerFullMemory(0263F1A0).URI(GET root/TimeStamp inlen=0)
20170403 14132917  # call  	mORMot.TSQLRestServerFullMemory(0263F1A0) TimeStamp 
20170403 14132917  # srvr  	mORMot.TSQLRestServerFullMemory(0263F1A0)   GET root/TimeStamp SOA-Method -> 200 with outlen=12 in 91 us
20170403 14132917  # ret   	mORMot.TSQLRestServerFullMemory(0263F1A0) 135371481949
20170403 14132917  #  -    00.000.347
20170403 14132917  #  +    mORMot.TSQLRestServerFullMemory(0263F1A0).URI(POST root/LongWorkService._contract_ inlen=2)
20170403 14132917  # call  	mORMot.TSQLRestServerFullMemory(0263F1A0) ILongWorkService._contract_[]
20170403 14132917  # srvr  	mORMot.TSQLRestServerFullMemory(0263F1A0)   POST root/LongWorkService._contract_ SOA-Interface -> 200 with outlen=31 in 77 us
20170403 14132917  # ret   	mORMot.TSQLRestServerFullMemory(0263F1A0) {"result":["5C548B9BBA1FD9C5"]}
20170403 14132917  #  -    00.000.290
20170403 14133103  #  +    mORMot.TSQLRestServerFullMemory(0263F1A0).URI(POST root/LongWorkService.StartWork inlen=9)
20170403 14133103  # call  	mORMot.TSQLRestServerFullMemory(0263F1A0) ILongWorkService.StartWork["aaa",1]
20170403 14133103  # srvr  	mORMot.TSQLRestServerFullMemory(0263F1A0)   POST root/LongWorkService.StartWork SOA-Interface -> 200 with outlen=13 in 4516 us
20170403 14133103  # ret   	mORMot.TSQLRestServerFullMemory(0263F1A0) {"result":[]}
20170403 14133103  $ info  {"TLongWorkServiceThread(02661F50)":{}}.Execute(aaa) started
20170403 14133103  #  -    00.006.690
20170403 14133103  #  +    mORMot.TSQLRestServerFullMemory(0263F1A0).URI(POST root/LongWorkService.TotalWorkCount inlen=2)
20170403 14133103  # call  	mORMot.TSQLRestServerFullMemory(0263F1A0) ILongWorkService.TotalWorkCount[]
20170403 14133103  # srvr  	mORMot.TSQLRestServerFullMemory(0263F1A0)   POST root/LongWorkService.TotalWorkCount SOA-Interface -> 200 with outlen=14 in 449 us
20170403 14133103  # ret   	mORMot.TSQLRestServerFullMemory(0263F1A0) {"result":[1]}
20170403 14133103  #  -    00.002.557
20170403 14133217  #  +    mORMot.TSQLRestServerFullMemory(0263F1A0).URI(POST root/LongWorkService.StartWork inlen=9)
20170403 14133217  # call  	mORMot.TSQLRestServerFullMemory(0263F1A0) ILongWorkService.StartWork["bbb",2]
20170403 14133217  # srvr  	mORMot.TSQLRestServerFullMemory(0263F1A0)   POST root/LongWorkService.StartWork SOA-Interface -> 200 with outlen=13 in 271 us
20170403 14133217  # ret   	mORMot.TSQLRestServerFullMemory(0263F1A0) {"result":[]}
20170403 14133217  % info  {"TLongWorkServiceThread(02661FE0)":{}}.Execute(bbb) started
20170403 14133217  #  -    00.003.034
20170403 14133217  #  +    mORMot.TSQLRestServerFullMemory(0263F1A0).URI(POST root/LongWorkService.TotalWorkCount inlen=2)
20170403 14133217  # call  	mORMot.TSQLRestServerFullMemory(0263F1A0) ILongWorkService.TotalWorkCount[]
20170403 14133217  # srvr  	mORMot.TSQLRestServerFullMemory(0263F1A0)   POST root/LongWorkService.TotalWorkCount SOA-Interface -> 200 with outlen=14 in 304 us
20170403 14133217  # ret   	mORMot.TSQLRestServerFullMemory(0263F1A0) {"result":[2]}
20170403 14133217  #  -    00.001.398
20170403 14133315  #  +    mORMot.TSQLRestServerFullMemory(0263F1A0).URI(POST root/LongWorkService.StartWork inlen=9)
20170403 14133315  # call  	mORMot.TSQLRestServerFullMemory(0263F1A0) ILongWorkService.StartWork["ccc",3]
20170403 14133315  # srvr  	mORMot.TSQLRestServerFullMemory(0263F1A0)   POST root/LongWorkService.StartWork SOA-Interface -> 200 with outlen=13 in 274 us
20170403 14133315  # ret   	mORMot.TSQLRestServerFullMemory(0263F1A0) {"result":[]}
20170403 14133315  #  -    00.002.668
20170403 14133315  & info  {"TLongWorkServiceThread(02662070)":{}}.Execute(ccc) started
20170403 14133315  #  +    mORMot.TSQLRestServerFullMemory(0263F1A0).URI(POST root/LongWorkService.TotalWorkCount inlen=2)
20170403 14133315  # call  	mORMot.TSQLRestServerFullMemory(0263F1A0) ILongWorkService.TotalWorkCount[]
20170403 14133315  # srvr  	mORMot.TSQLRestServerFullMemory(0263F1A0)   POST root/LongWorkService.TotalWorkCount SOA-Interface -> 200 with outlen=14 in 337 us
20170403 14133315  # ret   	mORMot.TSQLRestServerFullMemory(0263F1A0) {"result":[3]}
20170403 14133315  #  -    00.001.237
20170403 14133605  $ trace SynBidirSock.TWebSocketServerRest(02653E40) Callback(root/LongWorkCallback.WorkFinished/1) on socket=1
20170403 14133605  $ ERROR SynBidirSock.TWebSocketServerRest(02653E40) Callback() on inactive socket stack trace API 005DC429 0073BAED 007410C5 006E5D9B 006E4521 006E52BC 006E9314 00742259 00511513 0041173B 00007FF863378364 00007FF8659170D1 
20170403 14133605  $ EXC   EInterfaceFactoryException {"Message":"TInterfacedObjectFakeServer.FakeCall(ILongWorkCallback.WorkFinished) failed: 'TWebSocketServerRest.Callback(1) received status=404 from root/LongWorkCallback.WorkFinished/1'"} at 006E3F71  stack trace API 005D9489 005D94C5 00007FF86591BD00 00007FF8658F960B 00007FF8658FB629 00007FF8621F7788 00410C06 00410C31 006E3F71 006E454E 006E52BC 006E9314 00742259 00511513 0041173B 00007FF863378364 00007FF8659170D1 
20170403 14133606  $ trace mORMot.TSQLRestServerFullMemory(0263F1A0) TInterfacedObjectFakeServer(026A6DE0:1).Destroy ILongWorkService
20170403 14133606  $ trace SynBidirSock.TWebSocketServerRest(02653E40) Callback(root/_free_/1) on socket=1
20170403 14133606  $ ERROR SynBidirSock.TWebSocketServerRest(02653E40) Callback() on inactive socket stack trace API 005DC429 0073BAED 007410C5 006F6289 006E5A22 00419525 006E3CF9 00417A5E 0041428E 004140D5 0040E7BE 0040E3E0 0040F131 0051193C 0040E6C8 0051156A 0041173B 00007FF863378364 00007FF8659170D1 
20170403 14133616  # trace mORMot.TSQLRestServerFullMemory(0263F1A0) EndCurrentThread(TWebSocketServerResp) ThreadID=00002F4C ThreadCount=1
20170403 14133733  # info  SetThreadName 00002438=TSQLHttpServer 8888/root TWebSocketServerResp
20170403 14133733  # trace mORMot.TSQLRestServerFullMemory(0263F1A0) BeginCurrentThread(TWebSocketServerResp) root=root ThreadID=00002438 ThreadCount=2
20170403 14133733  #  +    mORMot.TSQLRestServerFullMemory(0263F1A0).URI(POST root/LongWorkService.StartWork inlen=9)
20170403 14133733  # call  	mORMot.TSQLRestServerFullMemory(0263F1A0) ILongWorkService.StartWork["ddd",4]
20170403 14133733  # srvr  	mORMot.TSQLRestServerFullMemory(0263F1A0)   POST root/LongWorkService.StartWork SOA-Interface -> 200 with outlen=13 in 442 us
20170403 14133733  # ret   	mORMot.TSQLRestServerFullMemory(0263F1A0) {"result":[]}
20170403 14133733  ' info  {"TLongWorkServiceThread(02661F50)":{}}.Execute(ddd) started
20170403 14133733  #  -    00.001.636
20170403 14133733  #  +    mORMot.TSQLRestServerFullMemory(0263F1A0).URI(POST root/LongWorkService.TotalWorkCount inlen=2)
20170403 14133733  # call  	mORMot.TSQLRestServerFullMemory(0263F1A0) ILongWorkService.TotalWorkCount[]
20170403 14133733  # srvr  	mORMot.TSQLRestServerFullMemory(0263F1A0)   POST root/LongWorkService.TotalWorkCount SOA-Interface -> 200 with outlen=14 in 343 us
20170403 14133733  # ret   	mORMot.TSQLRestServerFullMemory(0263F1A0) {"result":[4]}
20170403 14133733  #  -    00.001.416
20170403 14133809  % trace SynBidirSock.TWebSocketServerRest(02653E40) Callback(root/LongWorkCallback.WorkFinished/2) on socket=1
20170403 14133809  % ERROR SynBidirSock.TWebSocketServerRest(02653E40) Callback() on inactive socket stack trace API 005DC429 0073BAED 007410C5 006E5D9B 006E4521 006E52BC 006E9314 00742259 00511513 0041173B 00007FF863378364 00007FF8659170D1 
20170403 14133809  % EXC   EInterfaceFactoryException {"Message":"TInterfacedObjectFakeServer.FakeCall(ILongWorkCallback.WorkFinished) failed: 'TWebSocketServerRest.Callback(1) received status=404 from root/LongWorkCallback.WorkFinished/2'"} at 006E3F71  stack trace API 005D9489 005D94C5 00007FF86591BD00 00007FF8658F960B 00007FF8658FB629 00007FF8621F7788 00410C06 00410C31 006E3F71 006E454E 006E52BC 006E9314 00742259 00511513 0041173B 00007FF863378364 00007FF8659170D1 
20170403 14133809  % trace mORMot.TSQLRestServerFullMemory(0263F1A0) TInterfacedObjectFakeServer(026A6980:2).Destroy ILongWorkService
20170403 14133810  % trace SynBidirSock.TWebSocketServerRest(02653E40) Callback(root/_free_/2) on socket=1
20170403 14133810  % ERROR SynBidirSock.TWebSocketServerRest(02653E40) Callback() on inactive socket stack trace API 005DC429 0073BAED 007410C5 006F6289 006E5A22 00419525 006E3CF9 00417A5E 0041428E 004140D5 0040E7BE 0040E3E0 0040F131 0051193C 0040E6C8 0051156A 0041173B 00007FF863378364 00007FF8659170D1 
20170403 14133819  #  +    mORMot.TSQLRestServerFullMemory(0263F1A0).URI(POST root/LongWorkService.StartWork inlen=9)
20170403 14133819  # call  	mORMot.TSQLRestServerFullMemory(0263F1A0) ILongWorkService.StartWork["eee",5]
20170403 14133819  # srvr  	mORMot.TSQLRestServerFullMemory(0263F1A0)   POST root/LongWorkService.StartWork SOA-Interface -> 200 with outlen=13 in 307 us
20170403 14133819  # ret   	mORMot.TSQLRestServerFullMemory(0263F1A0) {"result":[]}
20170403 14133819  ( info  {"TLongWorkServiceThread(02661FE0)":{}}.Execute(eee) started
20170403 14133819  #  -    00.003.313
20170403 14133819  #  +    mORMot.TSQLRestServerFullMemory(0263F1A0).URI(POST root/LongWorkService.TotalWorkCount inlen=2)
20170403 14133819  # call  	mORMot.TSQLRestServerFullMemory(0263F1A0) ILongWorkService.TotalWorkCount[]
20170403 14133819  # srvr  	mORMot.TSQLRestServerFullMemory(0263F1A0)   POST root/LongWorkService.TotalWorkCount SOA-Interface -> 200 with outlen=14 in 627 us
20170403 14133819  # ret   	mORMot.TSQLRestServerFullMemory(0263F1A0) {"result":[5]}
20170403 14133819  #  -    00.001.322
20170403 14133827  & trace SynBidirSock.TWebSocketServerRest(02653E40) Callback(root/LongWorkCallback.WorkFinished/3) on socket=1
20170403 14133827  & ERROR SynBidirSock.TWebSocketServerRest(02653E40) Callback() on inactive socket stack trace API 005DC429 0073BAED 007410C5 006E5D9B 006E4521 006E52BC 006E9314 00742259 00511513 0041173B 00007FF863378364 00007FF8659170D1 
20170403 14133827  & EXC   EInterfaceFactoryException {"Message":"TInterfacedObjectFakeServer.FakeCall(ILongWorkCallback.WorkFinished) failed: 'TWebSocketServerRest.Callback(1) received status=404 from root/LongWorkCallback.WorkFinished/3'"} at 006E3F71  stack trace API 005D9489 005D94C5 00007FF86591BD00 00007FF8658F960B 00007FF8658FB629 00007FF8621F7788 00410C06 00410C31 006E3F71 006E454E 006E52BC 006E9314 00742259 00511513 0041173B 00007FF863378364 00007FF8659170D1 
20170403 14133828  & trace mORMot.TSQLRestServerFullMemory(0263F1A0) TInterfacedObjectFakeServer(026A6E80:3).Destroy ILongWorkService
20170403 14133828  & trace SynBidirSock.TWebSocketServerRest(02653E40) Callback(root/_free_/3) on socket=1
20170403 14133828  & ERROR SynBidirSock.TWebSocketServerRest(02653E40) Callback() on inactive socket stack trace API 005DC429 0073BAED 007410C5 006F6289 006E5A22 00419525 006E3CF9 00417A5E 0041428E 004140D5 0040E7BE 0040E3E0 0040F131 0051193C 0040E6C8 0051156A 0041173B 00007FF863378364 00007FF8659170D1 
20170403 14133962  # EXC   ECrtSocket ("SockRecvLn 10054 WSAECONNRESET [An existing connection was forcibly closed by the remote host]") at 00711444  stack trace API 005D9489 005D94C5 00007FF86591BD00 00007FF8658F960B 00007FF8658FB629 00007FF8621F7788 00410C06 00410C31 00711444 007153BC 00713831 007139D1 00511513 0041173B 00007FF863378364 00007FF8659170D1 
20170403 14133962  # trace mORMot.TSQLRestServerFullMemory(0263F1A0) EndCurrentThread(TWebSocketServerResp) ThreadID=00002438 ThreadCount=1
20170403 14134312  ' trace SynBidirSock.TWebSocketServerRest(02653E40) Callback(root/LongWorkCallback.WorkFinished/4) on socket=2
20170403 14134313  ' ERROR SynBidirSock.TWebSocketServerRest(02653E40) Callback() on inactive socket stack trace API 005DC429 0073BAED 007410C5 006E5D9B 006E4521 006E52BC 006E9314 00742259 00511513 0041173B 00007FF863378364 00007FF8659170D1 
20170403 14134313  ' EXC   EInterfaceFactoryException {"Message":"TInterfacedObjectFakeServer.FakeCall(ILongWorkCallback.WorkFinished) failed: 'TWebSocketServerRest.Callback(2) received status=404 from root/LongWorkCallback.WorkFinished/4'"} at 006E3F71  stack trace API 005D9489 005D94C5 00007FF86591BD00 00007FF8658F960B 00007FF8658FB629 00007FF8621F7788 00410C06 00410C31 006E3F71 006E454E 006E52BC 006E9314 00742259 00511513 0041173B 00007FF863378364 00007FF8659170D1 
20170403 14134313  ' trace mORMot.TSQLRestServerFullMemory(0263F1A0) TInterfacedObjectFakeServer(026A6DE0:4).Destroy ILongWorkService
20170403 14134313  ' trace SynBidirSock.TWebSocketServerRest(02653E40) Callback(root/_free_/4) on socket=2
20170403 14134313  ' ERROR SynBidirSock.TWebSocketServerRest(02653E40) Callback() on inactive socket stack trace API 005DC429 0073BAED 007410C5 006F6289 006E5A22 00419525 006E3CF9 00417A5E 0041428E 004140D5 0040E7BE 0040E3E0 0040F131 0051193C 0040E6C8 0051156A 0041173B 00007FF863378364 00007FF8659170D1 
20170403 14134329  ( trace SynBidirSock.TWebSocketServerRest(02653E40) Callback(root/LongWorkCallback.WorkFailed/5) on socket=2
20170403 14134329  ( ERROR SynBidirSock.TWebSocketServerRest(02653E40) Callback() on inactive socket stack trace API 005DC429 0073BAED 007410C5 006E5D9B 006E4521 006E52BC 006E9314 00742281 00511513 0041173B 00007FF863378364 00007FF8659170D1 
20170403 14134329  ( EXC   EInterfaceFactoryException {"Message":"TInterfacedObjectFakeServer.FakeCall(ILongWorkCallback.WorkFailed) failed: 'TWebSocketServerRest.Callback(2) received status=404 from root/LongWorkCallback.WorkFailed/5'"} at 006E3F71  stack trace API 005D9489 005D94C5 00007FF86591BD00 00007FF8658F960B 00007FF8658FB629 00007FF8621F7788 00410C06 00410C31 006E3F71 006E454E 006E52BC 006E9314 00742281 00511513 0041173B 00007FF863378364 00007FF8659170D1 
